2025-01-30 15:51:34,258 - httpx - INFO - HTTP Request: POST https://api.telegram.org/bot7762421006:AAEVrYZMgI3XW__EPWWS3fehEEkrJjDFeOo/getMe "HTTP/1.1 200 OK"
2025-01-30 15:51:34,261 - telegram.ext.Application - INFO - Application started
2025-01-30 15:51:34,310 - httpx - INFO - HTTP Request: POST https://api.telegram.org/bot7762421006:AAEVrYZMgI3XW__EPWWS3fehEEkrJjDFeOo/deleteWebhook "HTTP/1.1 200 OK"
2025-01-30 15:51:44,584 - httpx - INFO - HTTP Request: POST https://api.telegram.org/bot7762421006:AAEVrYZMgI3XW__EPWWS3fehEEkrJjDFeOo/getUpdates "HTTP/1.1 200 OK"
2025-01-30 15:51:49,351 - httpx - INFO - HTTP Request: POST https://api.telegram.org/bot7762421006:AAEVrYZMgI3XW__EPWWS3fehEEkrJjDFeOo/getUpdates "HTTP/1.1 200 OK"
2025-01-30 15:51:49,667 - httpx - INFO - HTTP Request: POST https://api.telegram.org/bot7762421006:AAEVrYZMgI3XW__EPWWS3fehEEkrJjDFeOo/sendMessage "HTTP/1.1 200 OK"
2025-01-30 15:51:53,087 - httpx - INFO - HTTP Request: POST https://api.telegram.org/bot7762421006:AAEVrYZMgI3XW__EPWWS3fehEEkrJjDFeOo/getUpdates "HTTP/1.1 200 OK"
2025-01-30 15:51:53,753 - httpx - INFO - HTTP Request: POST https://api.telegram.org/bot7762421006:AAEVrYZMgI3XW__EPWWS3fehEEkrJjDFeOo/sendMessage "HTTP/1.1 200 OK"
2025-01-30 15:52:03,630 - httpx - INFO - HTTP Request: POST https://api.telegram.org/bot7762421006:AAEVrYZMgI3XW__EPWWS3fehEEkrJjDFeOo/getUpdates "HTTP/1.1 200 OK"
2025-01-30 15:52:07,120 - httpx - INFO - HTTP Request: POST https://api.telegram.org/bot7762421006:AAEVrYZMgI3XW__EPWWS3fehEEkrJjDFeOo/getUpdates "HTTP/1.1 200 OK"
2025-01-30 15:52:15,859 - httpx - INFO - HTTP Request: POST https://api.telegram.org/bot7762421006:AAEVrYZMgI3XW__EPWWS3fehEEkrJjDFeOo/getUpdates "HTTP/1.1 200 OK"
2025-01-30 15:52:16,083 - httpx - INFO - HTTP Request: POST https://api.telegram.org/bot7762421006:AAEVrYZMgI3XW__EPWWS3fehEEkrJjDFeOo/sendMessage "HTTP/1.1 200 OK"
2025-01-30 15:52:17,933 - httpx - INFO - HTTP Request: POST https://api.telegram.org/bot7762421006:AAEVrYZMgI3XW__EPWWS3fehEEkrJjDFeOo/getUpdates "HTTP/1.1 200 OK"
2025-01-30 15:52:18,148 - httpx - INFO - HTTP Request: POST https://api.telegram.org/bot7762421006:AAEVrYZMgI3XW__EPWWS3fehEEkrJjDFeOo/sendMessage "HTTP/1.1 200 OK"
2025-01-30 15:52:20,755 - httpx - INFO - HTTP Request: POST https://api.telegram.org/bot7762421006:AAEVrYZMgI3XW__EPWWS3fehEEkrJjDFeOo/getUpdates "HTTP/1.1 200 OK"
2025-01-30 15:52:20,839 - httpx - INFO - HTTP Request: POST https://api.telegram.org/bot7762421006:AAEVrYZMgI3XW__EPWWS3fehEEkrJjDFeOo/sendMessage "HTTP/1.1 200 OK"
2025-01-30 15:52:27,067 - httpx - INFO - HTTP Request: POST https://api.telegram.org/bot7762421006:AAEVrYZMgI3XW__EPWWS3fehEEkrJjDFeOo/getUpdates "HTTP/1.1 200 OK"
2025-01-30 15:52:27,359 - httpx - INFO - HTTP Request: POST https://api.telegram.org/bot7762421006:AAEVrYZMgI3XW__EPWWS3fehEEkrJjDFeOo/sendDocument "HTTP/1.1 400 Bad Request"
2025-01-30 15:52:27,517 - httpx - INFO - HTTP Request: POST https://api.telegram.org/bot7762421006:AAEVrYZMgI3XW__EPWWS3fehEEkrJjDFeOo/sendMessage "HTTP/1.1 200 OK"
2025-01-30 15:52:37,187 - httpx - INFO - HTTP Request: POST https://api.telegram.org/bot7762421006:AAEVrYZMgI3XW__EPWWS3fehEEkrJjDFeOo/getUpdates "HTTP/1.1 200 OK"
2025-01-30 15:52:47,327 - httpx - INFO - HTTP Request: POST https://api.telegram.org/bot7762421006:AAEVrYZMgI3XW__EPWWS3fehEEkrJjDFeOo/getUpdates "HTTP/1.1 200 OK"
2025-01-30 15:52:57,444 - httpx - INFO - HTTP Request: POST https://api.telegram.org/bot7762421006:AAEVrYZMgI3XW__EPWWS3fehEEkrJjDFeOo/getUpdates "HTTP/1.1 200 OK"
2025-01-30 15:53:07,551 - httpx - INFO - HTTP Request: POST https://api.telegram.org/bot7762421006:AAEVrYZMgI3XW__EPWWS3fehEEkrJjDFeOo/getUpdates "HTTP/1.1 200 OK"
2025-01-30 15:53:17,675 - httpx - INFO - HTTP Request: POST https://api.telegram.org/bot7762421006:AAEVrYZMgI3XW__EPWWS3fehEEkrJjDFeOo/getUpdates "HTTP/1.1 200 OK"
2025-01-30 15:53:27,869 - httpx - INFO - HTTP Request: POST https://api.telegram.org/bot7762421006:AAEVrYZMgI3XW__EPWWS3fehEEkrJjDFeOo/getUpdates "HTTP/1.1 200 OK"
2025-01-30 15:53:37,992 - httpx - INFO - HTTP Request: POST https://api.telegram.org/bot7762421006:AAEVrYZMgI3XW__EPWWS3fehEEkrJjDFeOo/getUpdates "HTTP/1.1 200 OK"
2025-01-30 15:53:48,099 - httpx - INFO - HTTP Request: POST https://api.telegram.org/bot7762421006:AAEVrYZMgI3XW__EPWWS3fehEEkrJjDFeOo/getUpdates "HTTP/1.1 200 OK"
2025-01-30 15:53:58,265 - httpx - INFO - HTTP Request: POST https://api.telegram.org/bot7762421006:AAEVrYZMgI3XW__EPWWS3fehEEkrJjDFeOo/getUpdates "HTTP/1.1 200 OK"
2025-01-30 15:54:08,333 - httpx - INFO - HTTP Request: POST https://api.telegram.org/bot7762421006:AAEVrYZMgI3XW__EPWWS3fehEEkrJjDFeOo/getUpdates "HTTP/1.1 200 OK"
2025-01-30 15:54:18,461 - httpx - INFO - HTTP Request: POST https://api.telegram.org/bot7762421006:AAEVrYZMgI3XW__EPWWS3fehEEkrJjDFeOo/getUpdates "HTTP/1.1 200 OK"
2025-01-30 15:54:28,577 - httpx - INFO - HTTP Request: POST https://api.telegram.org/bot7762421006:AAEVrYZMgI3XW__EPWWS3fehEEkrJjDFeOo/getUpdates "HTTP/1.1 200 OK"
2025-01-30 15:54:38,753 - httpx - INFO - HTTP Request: POST https://api.telegram.org/bot7762421006:AAEVrYZMgI3XW__EPWWS3fehEEkrJjDFeOo/getUpdates "HTTP/1.1 200 OK"
2025-01-30 15:54:48,828 - httpx - INFO - HTTP Request: POST https://api.telegram.org/bot7762421006:AAEVrYZMgI3XW__EPWWS3fehEEkrJjDFeOo/getUpdates "HTTP/1.1 200 OK"
2025-01-30 15:54:58,759 - httpx - INFO - HTTP Request: POST https://api.telegram.org/bot7762421006:AAEVrYZMgI3XW__EPWWS3fehEEkrJjDFeOo/getUpdates "HTTP/1.1 200 OK"
2025-01-30 15:54:59,167 - httpx - INFO - HTTP Request: POST https://api.telegram.org/bot7762421006:AAEVrYZMgI3XW__EPWWS3fehEEkrJjDFeOo/sendMessage "HTTP/1.1 200 OK"
2025-01-30 15:55:03,197 - httpx - INFO - HTTP Request: POST https://api.telegram.org/bot7762421006:AAEVrYZMgI3XW__EPWWS3fehEEkrJjDFeOo/getUpdates "HTTP/1.1 200 OK"
2025-01-30 15:55:03,366 - httpx - INFO - HTTP Request: POST https://api.telegram.org/bot7762421006:AAEVrYZMgI3XW__EPWWS3fehEEkrJjDFeOo/sendMessage "HTTP/1.1 200 OK"
2025-01-30 15:55:06,420 - httpx - INFO - HTTP Request: POST https://api.telegram.org/bot7762421006:AAEVrYZMgI3XW__EPWWS3fehEEkrJjDFeOo/getUpdates "HTTP/1.1 200 OK"
2025-01-30 15:55:06,521 - httpx - INFO - HTTP Request: POST https://api.telegram.org/bot7762421006:AAEVrYZMgI3XW__EPWWS3fehEEkrJjDFeOo/sendMessage "HTTP/1.1 200 OK"
2025-01-30 15:55:10,769 - httpx - INFO - HTTP Request: POST https://api.telegram.org/bot7762421006:AAEVrYZMgI3XW__EPWWS3fehEEkrJjDFeOo/getUpdates "HTTP/1.1 200 OK"
2025-01-30 15:55:10,929 - httpx - INFO - HTTP Request: POST https://api.telegram.org/bot7762421006:AAEVrYZMgI3XW__EPWWS3fehEEkrJjDFeOo/sendDocument "HTTP/1.1 200 OK"
2025-01-30 15:55:20,884 - httpx - INFO - HTTP Request: POST https://api.telegram.org/bot7762421006:AAEVrYZMgI3XW__EPWWS3fehEEkrJjDFeOo/getUpdates "HTTP/1.1 200 OK"
2025-01-30 15:55:31,000 - httpx - INFO - HTTP Request: POST https://api.telegram.org/bot7762421006:AAEVrYZMgI3XW__EPWWS3fehEEkrJjDFeOo/getUpdates "HTTP/1.1 200 OK"
2025-01-30 15:55:41,573 - httpx - INFO - HTTP Request: POST https://api.telegram.org/bot7762421006:AAEVrYZMgI3XW__EPWWS3fehEEkrJjDFeOo/getUpdates "HTTP/1.1 200 OK"
2025-01-30 15:55:51,653 - httpx - INFO - HTTP Request: POST https://api.telegram.org/bot7762421006:AAEVrYZMgI3XW__EPWWS3fehEEkrJjDFeOo/getUpdates "HTTP/1.1 200 OK"
2025-01-30 15:56:01,788 - httpx - INFO - HTTP Request: POST https://api.telegram.org/bot7762421006:AAEVrYZMgI3XW__EPWWS3fehEEkrJjDFeOo/getUpdates "HTTP/1.1 200 OK"
2025-01-30 15:56:11,883 - httpx - INFO - HTTP Request: POST https://api.telegram.org/bot7762421006:AAEVrYZMgI3XW__EPWWS3fehEEkrJjDFeOo/getUpdates "HTTP/1.1 200 OK"
2025-01-30 15:56:22,049 - httpx - INFO - HTTP Request: POST https://api.telegram.org/bot7762421006:AAEVrYZMgI3XW__EPWWS3fehEEkrJjDFeOo/getUpdates "HTTP/1.1 200 OK"
2025-01-30 15:56:32,145 - httpx - INFO - HTTP Request: POST https://api.telegram.org/bot7762421006:AAEVrYZMgI3XW__EPWWS3fehEEkrJjDFeOo/getUpdates "HTTP/1.1 200 OK"
2025-01-30 15:56:42,239 - httpx - INFO - HTTP Request: POST https://api.telegram.org/bot7762421006:AAEVrYZMgI3XW__EPWWS3fehEEkrJjDFeOo/getUpdates "HTTP/1.1 200 OK"
2025-01-30 15:56:52,357 - httpx - INFO - HTTP Request: POST https://api.telegram.org/bot7762421006:AAEVrYZMgI3XW__EPWWS3fehEEkrJjDFeOo/getUpdates "HTTP/1.1 200 OK"
2025-01-30 15:57:02,411 - httpx - INFO - HTTP Request: POST https://api.telegram.org/bot7762421006:AAEVrYZMgI3XW__EPWWS3fehEEkrJjDFeOo/getUpdates "HTTP/1.1 200 OK"
2025-01-30 15:57:12,524 - httpx - INFO - HTTP Request: POST https://api.telegram.org/bot7762421006:AAEVrYZMgI3XW__EPWWS3fehEEkrJjDFeOo/getUpdates "HTTP/1.1 200 OK"
2025-01-30 15:57:22,627 - httpx - INFO - HTTP Request: POST https://api.telegram.org/bot7762421006:AAEVrYZMgI3XW__EPWWS3fehEEkrJjDFeOo/getUpdates "HTTP/1.1 200 OK"
2025-01-30 15:57:32,763 - httpx - INFO - HTTP Request: POST https://api.telegram.org/bot7762421006:AAEVrYZMgI3XW__EPWWS3fehEEkrJjDFeOo/getUpdates "HTTP/1.1 200 OK"
2025-01-30 15:57:42,812 - httpx - INFO - HTTP Request: POST https://api.telegram.org/bot7762421006:AAEVrYZMgI3XW__EPWWS3fehEEkrJjDFeOo/getUpdates "HTTP/1.1 200 OK"
2025-01-30 15:57:52,931 - httpx - INFO - HTTP Request: POST https://api.telegram.org/bot7762421006:AAEVrYZMgI3XW__EPWWS3fehEEkrJjDFeOo/getUpdates "HTTP/1.1 200 OK"
2025-01-30 15:58:03,014 - httpx - INFO - HTTP Request: POST https://api.telegram.org/bot7762421006:AAEVrYZMgI3XW__EPWWS3fehEEkrJjDFeOo/getUpdates "HTTP/1.1 200 OK"
2025-01-30 15:58:13,144 - httpx - INFO - HTTP Request: POST https://api.telegram.org/bot7762421006:AAEVrYZMgI3XW__EPWWS3fehEEkrJjDFeOo/getUpdates "HTTP/1.1 200 OK"
2025-01-30 15:58:23,250 - httpx - INFO - HTTP Request: POST https://api.telegram.org/bot7762421006:AAEVrYZMgI3XW__EPWWS3fehEEkrJjDFeOo/getUpdates "HTTP/1.1 200 OK"
2025-01-30 15:58:33,373 - httpx - INFO - HTTP Request: POST https://api.telegram.org/bot7762421006:AAEVrYZMgI3XW__EPWWS3fehEEkrJjDFeOo/getUpdates "HTTP/1.1 200 OK"
2025-01-30 15:58:43,483 - httpx - INFO - HTTP Request: POST https://api.telegram.org/bot7762421006:AAEVrYZMgI3XW__EPWWS3fehEEkrJjDFeOo/getUpdates "HTTP/1.1 200 OK"
2025-01-30 15:58:53,614 - httpx - INFO - HTTP Request: POST https://api.telegram.org/bot7762421006:AAEVrYZMgI3XW__EPWWS3fehEEkrJjDFeOo/getUpdates "HTTP/1.1 200 OK"
2025-01-30 15:59:03,743 - httpx - INFO - HTTP Request: POST https://api.telegram.org/bot7762421006:AAEVrYZMgI3XW__EPWWS3fehEEkrJjDFeOo/getUpdates "HTTP/1.1 200 OK"
2025-01-30 15:59:13,804 - httpx - INFO - HTTP Request: POST https://api.telegram.org/bot7762421006:AAEVrYZMgI3XW__EPWWS3fehEEkrJjDFeOo/getUpdates "HTTP/1.1 200 OK"
2025-01-30 15:59:23,885 - httpx - INFO - HTTP Request: POST https://api.telegram.org/bot7762421006:AAEVrYZMgI3XW__EPWWS3fehEEkrJjDFeOo/getUpdates "HTTP/1.1 200 OK"
2025-01-30 15:59:33,988 - httpx - INFO - HTTP Request: POST https://api.telegram.org/bot7762421006:AAEVrYZMgI3XW__EPWWS3fehEEkrJjDFeOo/getUpdates "HTTP/1.1 200 OK"
2025-01-30 15:59:44,079 - httpx - INFO - HTTP Request: POST https://api.telegram.org/bot7762421006:AAEVrYZMgI3XW__EPWWS3fehEEkrJjDFeOo/getUpdates "HTTP/1.1 200 OK"
2025-01-30 15:59:54,261 - httpx - INFO - HTTP Request: POST https://api.telegram.org/bot7762421006:AAEVrYZMgI3XW__EPWWS3fehEEkrJjDFeOo/getUpdates "HTTP/1.1 200 OK"
2025-01-30 16:00:04,317 - httpx - INFO - HTTP Request: POST https://api.telegram.org/bot7762421006:AAEVrYZMgI3XW__EPWWS3fehEEkrJjDFeOo/getUpdates "HTTP/1.1 200 OK"
2025-01-30 16:00:14,401 - httpx - INFO - HTTP Request: POST https://api.telegram.org/bot7762421006:AAEVrYZMgI3XW__EPWWS3fehEEkrJjDFeOo/getUpdates "HTTP/1.1 200 OK"
2025-01-30 16:00:24,455 - httpx - INFO - HTTP Request: POST https://api.telegram.org/bot7762421006:AAEVrYZMgI3XW__EPWWS3fehEEkrJjDFeOo/getUpdates "HTTP/1.1 200 OK"
2025-01-30 16:00:34,546 - httpx - INFO - HTTP Request: POST https://api.telegram.org/bot7762421006:AAEVrYZMgI3XW__EPWWS3fehEEkrJjDFeOo/getUpdates "HTTP/1.1 200 OK"
2025-01-30 16:00:44,650 - httpx - INFO - HTTP Request: POST https://api.telegram.org/bot7762421006:AAEVrYZMgI3XW__EPWWS3fehEEkrJjDFeOo/getUpdates "HTTP/1.1 200 OK"
2025-01-30 16:00:54,703 - httpx - INFO - HTTP Request: POST https://api.telegram.org/bot7762421006:AAEVrYZMgI3XW__EPWWS3fehEEkrJjDFeOo/getUpdates "HTTP/1.1 200 OK"
2025-01-30 16:01:04,802 - httpx - INFO - HTTP Request: POST https://api.telegram.org/bot7762421006:AAEVrYZMgI3XW__EPWWS3fehEEkrJjDFeOo/getUpdates "HTTP/1.1 200 OK"
2025-01-30 16:01:14,887 - httpx - INFO - HTTP Request: POST https://api.telegram.org/bot7762421006:AAEVrYZMgI3XW__EPWWS3fehEEkrJjDFeOo/getUpdates "HTTP/1.1 200 OK"
2025-01-30 16:01:24,955 - httpx - INFO - HTTP Request: POST https://api.telegram.org/bot7762421006:AAEVrYZMgI3XW__EPWWS3fehEEkrJjDFeOo/getUpdates "HTTP/1.1 200 OK"
2025-01-30 16:01:35,011 - httpx - INFO - HTTP Request: POST https://api.telegram.org/bot7762421006:AAEVrYZMgI3XW__EPWWS3fehEEkrJjDFeOo/getUpdates "HTTP/1.1 200 OK"
2025-01-30 16:01:46,755 - httpx - INFO - HTTP Request: POST https://api.telegram.org/bot7762421006:AAEVrYZMgI3XW__EPWWS3fehEEkrJjDFeOo/getUpdates "HTTP/1.1 200 OK"
2025-01-30 16:01:56,815 - httpx - INFO - HTTP Request: POST https://api.telegram.org/bot7762421006:AAEVrYZMgI3XW__EPWWS3fehEEkrJjDFeOo/getUpdates "HTTP/1.1 200 OK"
2025-01-30 16:02:06,899 - httpx - INFO - HTTP Request: POST https://api.telegram.org/bot7762421006:AAEVrYZMgI3XW__EPWWS3fehEEkrJjDFeOo/getUpdates "HTTP/1.1 200 OK"
2025-01-30 16:02:16,977 - httpx - INFO - HTTP Request: POST https://api.telegram.org/bot7762421006:AAEVrYZMgI3XW__EPWWS3fehEEkrJjDFeOo/getUpdates "HTTP/1.1 200 OK"
2025-01-30 16:02:27,061 - httpx - INFO - HTTP Request: POST https://api.telegram.org/bot7762421006:AAEVrYZMgI3XW__EPWWS3fehEEkrJjDFeOo/getUpdates "HTTP/1.1 200 OK"
2025-01-30 16:02:37,197 - httpx - INFO - HTTP Request: POST https://api.telegram.org/bot7762421006:AAEVrYZMgI3XW__EPWWS3fehEEkrJjDFeOo/getUpdates "HTTP/1.1 200 OK"
2025-01-30 16:02:47,289 - httpx - INFO - HTTP Request: POST https://api.telegram.org/bot7762421006:AAEVrYZMgI3XW__EPWWS3fehEEkrJjDFeOo/getUpdates "HTTP/1.1 200 OK"
2025-01-30 16:02:57,382 - httpx - INFO - HTTP Request: POST https://api.telegram.org/bot7762421006:AAEVrYZMgI3XW__EPWWS3fehEEkrJjDFeOo/getUpdates "HTTP/1.1 200 OK"
2025-01-30 16:03:07,446 - httpx - INFO - HTTP Request: POST https://api.telegram.org/bot7762421006:AAEVrYZMgI3XW__EPWWS3fehEEkrJjDFeOo/getUpdates "HTTP/1.1 200 OK"
2025-01-30 16:03:17,501 - httpx - INFO - HTTP Request: POST https://api.telegram.org/bot7762421006:AAEVrYZMgI3XW__EPWWS3fehEEkrJjDFeOo/getUpdates "HTTP/1.1 200 OK"
2025-01-30 16:03:27,628 - httpx - INFO - HTTP Request: POST https://api.telegram.org/bot7762421006:AAEVrYZMgI3XW__EPWWS3fehEEkrJjDFeOo/getUpdates "HTTP/1.1 200 OK"
2025-01-30 16:03:37,716 - httpx - INFO - HTTP Request: POST https://api.telegram.org/bot7762421006:AAEVrYZMgI3XW__EPWWS3fehEEkrJjDFeOo/getUpdates "HTTP/1.1 200 OK"
2025-01-30 16:03:47,791 - httpx - INFO - HTTP Request: POST https://api.telegram.org/bot7762421006:AAEVrYZMgI3XW__EPWWS3fehEEkrJjDFeOo/getUpdates "HTTP/1.1 200 OK"
2025-01-30 16:03:57,877 - httpx - INFO - HTTP Request: POST https://api.telegram.org/bot7762421006:AAEVrYZMgI3XW__EPWWS3fehEEkrJjDFeOo/getUpdates "HTTP/1.1 200 OK"
2025-01-30 16:04:07,972 - httpx - INFO - HTTP Request: POST https://api.telegram.org/bot7762421006:AAEVrYZMgI3XW__EPWWS3fehEEkrJjDFeOo/getUpdates "HTTP/1.1 200 OK"
2025-01-30 16:04:18,029 - httpx - INFO - HTTP Request: POST https://api.telegram.org/bot7762421006:AAEVrYZMgI3XW__EPWWS3fehEEkrJjDFeOo/getUpdates "HTTP/1.1 200 OK"
2025-01-30 16:04:28,159 - httpx - INFO - HTTP Request: POST https://api.telegram.org/bot7762421006:AAEVrYZMgI3XW__EPWWS3fehEEkrJjDFeOo/getUpdates "HTTP/1.1 200 OK"
2025-01-30 16:04:38,256 - httpx - INFO - HTTP Request: POST https://api.telegram.org/bot7762421006:AAEVrYZMgI3XW__EPWWS3fehEEkrJjDFeOo/getUpdates "HTTP/1.1 200 OK"
2025-01-30 16:04:48,371 - httpx - INFO - HTTP Request: POST https://api.telegram.org/bot7762421006:AAEVrYZMgI3XW__EPWWS3fehEEkrJjDFeOo/getUpdates "HTTP/1.1 200 OK"
2025-01-30 16:04:58,495 - httpx - INFO - HTTP Request: POST https://api.telegram.org/bot7762421006:AAEVrYZMgI3XW__EPWWS3fehEEkrJjDFeOo/getUpdates "HTTP/1.1 200 OK"
2025-01-30 16:05:08,559 - httpx - INFO - HTTP Request: POST https://api.telegram.org/bot7762421006:AAEVrYZMgI3XW__EPWWS3fehEEkrJjDFeOo/getUpdates "HTTP/1.1 200 OK"
2025-01-30 16:05:18,650 - httpx - INFO - HTTP Request: POST https://api.telegram.org/bot7762421006:AAEVrYZMgI3XW__EPWWS3fehEEkrJjDFeOo/getUpdates "HTTP/1.1 200 OK"
2025-01-30 16:05:28,762 - httpx - INFO - HTTP Request: POST https://api.telegram.org/bot7762421006:AAEVrYZMgI3XW__EPWWS3fehEEkrJjDFeOo/getUpdates "HTTP/1.1 200 OK"
2025-01-30 16:05:39,136 - httpx - INFO - HTTP Request: POST https://api.telegram.org/bot7762421006:AAEVrYZMgI3XW__EPWWS3fehEEkrJjDFeOo/getUpdates "HTTP/1.1 200 OK"
2025-01-30 16:05:49,241 - httpx - INFO - HTTP Request: POST https://api.telegram.org/bot7762421006:AAEVrYZMgI3XW__EPWWS3fehEEkrJjDFeOo/getUpdates "HTTP/1.1 200 OK"
2025-01-30 16:05:59,359 - httpx - INFO - HTTP Request: POST https://api.telegram.org/bot7762421006:AAEVrYZMgI3XW__EPWWS3fehEEkrJjDFeOo/getUpdates "HTTP/1.1 200 OK"
2025-01-30 16:06:09,721 - httpx - INFO - HTTP Request: POST https://api.telegram.org/bot7762421006:AAEVrYZMgI3XW__EPWWS3fehEEkrJjDFeOo/getUpdates "HTTP/1.1 200 OK"
2025-01-30 16:06:19,771 - httpx - INFO - HTTP Request: POST https://api.telegram.org/bot7762421006:AAEVrYZMgI3XW__EPWWS3fehEEkrJjDFeOo/getUpdates "HTTP/1.1 200 OK"
2025-01-30 16:06:29,891 - httpx - INFO - HTTP Request: POST https://api.telegram.org/bot7762421006:AAEVrYZMgI3XW__EPWWS3fehEEkrJjDFeOo/getUpdates "HTTP/1.1 200 OK"
2025-01-30 16:06:39,958 - httpx - INFO - HTTP Request: POST https://api.telegram.org/bot7762421006:AAEVrYZMgI3XW__EPWWS3fehEEkrJjDFeOo/getUpdates "HTTP/1.1 200 OK"
2025-01-30 16:06:53,151 - httpx - INFO - HTTP Request: POST https://api.telegram.org/bot7762421006:AAEVrYZMgI3XW__EPWWS3fehEEkrJjDFeOo/getUpdates "HTTP/1.1 200 OK"
2025-01-30 16:07:03,204 - httpx - INFO - HTTP Request: POST https://api.telegram.org/bot7762421006:AAEVrYZMgI3XW__EPWWS3fehEEkrJjDFeOo/getUpdates "HTTP/1.1 200 OK"
2025-01-30 16:07:13,797 - httpx - INFO - HTTP Request: POST https://api.telegram.org/bot7762421006:AAEVrYZMgI3XW__EPWWS3fehEEkrJjDFeOo/getUpdates "HTTP/1.1 200 OK"
2025-01-30 16:07:23,915 - httpx - INFO - HTTP Request: POST https://api.telegram.org/bot7762421006:AAEVrYZMgI3XW__EPWWS3fehEEkrJjDFeOo/getUpdates "HTTP/1.1 200 OK"
2025-01-30 16:07:33,968 - httpx - INFO - HTTP Request: POST https://api.telegram.org/bot7762421006:AAEVrYZMgI3XW__EPWWS3fehEEkrJjDFeOo/getUpdates "HTTP/1.1 200 OK"
2025-01-30 16:07:44,502 - httpx - INFO - HTTP Request: POST https://api.telegram.org/bot7762421006:AAEVrYZMgI3XW__EPWWS3fehEEkrJjDFeOo/getUpdates "HTTP/1.1 200 OK"
2025-01-30 16:07:54,558 - httpx - INFO - HTTP Request: POST https://api.telegram.org/bot7762421006:AAEVrYZMgI3XW__EPWWS3fehEEkrJjDFeOo/getUpdates "HTTP/1.1 200 OK"
2025-01-30 16:08:04,717 - httpx - INFO - HTTP Request: POST https://api.telegram.org/bot7762421006:AAEVrYZMgI3XW__EPWWS3fehEEkrJjDFeOo/getUpdates "HTTP/1.1 200 OK"
2025-01-30 16:08:14,786 - httpx - INFO - HTTP Request: POST https://api.telegram.org/bot7762421006:AAEVrYZMgI3XW__EPWWS3fehEEkrJjDFeOo/getUpdates "HTTP/1.1 200 OK"
2025-01-30 16:08:25,200 - httpx - INFO - HTTP Request: POST https://api.telegram.org/bot7762421006:AAEVrYZMgI3XW__EPWWS3fehEEkrJjDFeOo/getUpdates "HTTP/1.1 200 OK"
2025-01-30 16:08:35,255 - httpx - INFO - HTTP Request: POST https://api.telegram.org/bot7762421006:AAEVrYZMgI3XW__EPWWS3fehEEkrJjDFeOo/getUpdates "HTTP/1.1 200 OK"
2025-01-30 16:08:45,346 - httpx - INFO - HTTP Request: POST https://api.telegram.org/bot7762421006:AAEVrYZMgI3XW__EPWWS3fehEEkrJjDFeOo/getUpdates "HTTP/1.1 200 OK"
2025-01-30 16:08:55,478 - httpx - INFO - HTTP Request: POST https://api.telegram.org/bot7762421006:AAEVrYZMgI3XW__EPWWS3fehEEkrJjDFeOo/getUpdates "HTTP/1.1 200 OK"
2025-01-30 16:09:05,621 - httpx - INFO - HTTP Request: POST https://api.telegram.org/bot7762421006:AAEVrYZMgI3XW__EPWWS3fehEEkrJjDFeOo/getUpdates "HTTP/1.1 200 OK"
2025-01-30 16:09:16,696 - httpx - INFO - HTTP Request: POST https://api.telegram.org/bot7762421006:AAEVrYZMgI3XW__EPWWS3fehEEkrJjDFeOo/getUpdates "HTTP/1.1 200 OK"
2025-01-30 16:09:26,803 - httpx - INFO - HTTP Request: POST https://api.telegram.org/bot7762421006:AAEVrYZMgI3XW__EPWWS3fehEEkrJjDFeOo/getUpdates "HTTP/1.1 200 OK"
2025-01-30 16:09:36,867 - httpx - INFO - HTTP Request: POST https://api.telegram.org/bot7762421006:AAEVrYZMgI3XW__EPWWS3fehEEkrJjDFeOo/getUpdates "HTTP/1.1 200 OK"
2025-01-30 16:09:46,958 - httpx - INFO - HTTP Request: POST https://api.telegram.org/bot7762421006:AAEVrYZMgI3XW__EPWWS3fehEEkrJjDFeOo/getUpdates "HTTP/1.1 200 OK"
2025-01-30 16:09:57,021 - httpx - INFO - HTTP Request: POST https://api.telegram.org/bot7762421006:AAEVrYZMgI3XW__EPWWS3fehEEkrJjDFeOo/getUpdates "HTTP/1.1 200 OK"
2025-01-30 16:10:08,017 - httpx - INFO - HTTP Request: POST https://api.telegram.org/bot7762421006:AAEVrYZMgI3XW__EPWWS3fehEEkrJjDFeOo/getUpdates "HTTP/1.1 200 OK"
2025-01-30 16:10:18,142 - httpx - INFO - HTTP Request: POST https://api.telegram.org/bot7762421006:AAEVrYZMgI3XW__EPWWS3fehEEkrJjDFeOo/getUpdates "HTTP/1.1 200 OK"
2025-01-30 16:10:28,206 - httpx - INFO - HTTP Request: POST https://api.telegram.org/bot7762421006:AAEVrYZMgI3XW__EPWWS3fehEEkrJjDFeOo/getUpdates "HTTP/1.1 200 OK"
2025-01-30 16:10:38,316 - httpx - INFO - HTTP Request: POST https://api.telegram.org/bot7762421006:AAEVrYZMgI3XW__EPWWS3fehEEkrJjDFeOo/getUpdates "HTTP/1.1 200 OK"
2025-01-30 16:10:48,407 - httpx - INFO - HTTP Request: POST https://api.telegram.org/bot7762421006:AAEVrYZMgI3XW__EPWWS3fehEEkrJjDFeOo/getUpdates "HTTP/1.1 200 OK"
2025-01-30 16:10:58,466 - httpx - INFO - HTTP Request: POST https://api.telegram.org/bot7762421006:AAEVrYZMgI3XW__EPWWS3fehEEkrJjDFeOo/getUpdates "HTTP/1.1 200 OK"
2025-01-30 16:11:08,591 - httpx - INFO - HTTP Request: POST https://api.telegram.org/bot7762421006:AAEVrYZMgI3XW__EPWWS3fehEEkrJjDFeOo/getUpdates "HTTP/1.1 200 OK"
2025-01-30 16:11:18,766 - httpx - INFO - HTTP Request: POST https://api.telegram.org/bot7762421006:AAEVrYZMgI3XW__EPWWS3fehEEkrJjDFeOo/getUpdates "HTTP/1.1 200 OK"
2025-01-30 16:11:25,065 - httpx - INFO - HTTP Request: POST https://api.telegram.org/bot7762421006:AAEVrYZMgI3XW__EPWWS3fehEEkrJjDFeOo/getUpdates "HTTP/1.1 200 OK"
2025-01-30 16:11:25,098 - telegram.ext.Application - ERROR - No error handlers are registered, logging exception.
Traceback (most recent call last):
  File "C:\Users\U_M01FJ\AppData\Local\Programs\Python\Python313\Lib\site-packages\telegram\ext\_application.py", line 1325, in process_update
    await coroutine
  File "C:\Users\U_M01FJ\AppData\Local\Programs\Python\Python313\Lib\site-packages\telegram\ext\_handlers\basehandler.py", line 158, in handle_update
    return await self.callback(update, context)
           ^^^^^^^^^^^^^^^^^^^^^^^^^^^^^^^^^^^^
  File "C:\Users\U_M01FJ\ScheduleCraft\bot.py", line 384, in crash_command
    raise RuntimeError("Исключение по запросу администратора")
RuntimeError: Исключение по запросу администратора
2025-01-30 16:11:35,418 - httpx - INFO - HTTP Request: POST https://api.telegram.org/bot7762421006:AAEVrYZMgI3XW__EPWWS3fehEEkrJjDFeOo/getUpdates "HTTP/1.1 200 OK"
2025-01-30 16:11:39,457 - httpx - INFO - HTTP Request: POST https://api.telegram.org/bot7762421006:AAEVrYZMgI3XW__EPWWS3fehEEkrJjDFeOo/getUpdates "HTTP/1.1 200 OK"
2025-01-30 16:11:39,726 - httpx - INFO - HTTP Request: POST https://api.telegram.org/bot7762421006:AAEVrYZMgI3XW__EPWWS3fehEEkrJjDFeOo/sendMessage "HTTP/1.1 200 OK"
2025-01-30 16:11:44,233 - httpx - INFO - HTTP Request: POST https://api.telegram.org/bot7762421006:AAEVrYZMgI3XW__EPWWS3fehEEkrJjDFeOo/getUpdates "HTTP/1.1 200 OK"
2025-01-30 16:11:44,390 - httpx - INFO - HTTP Request: POST https://api.telegram.org/bot7762421006:AAEVrYZMgI3XW__EPWWS3fehEEkrJjDFeOo/sendMessage "HTTP/1.1 200 OK"
2025-01-30 16:11:50,226 - httpx - INFO - HTTP Request: POST https://api.telegram.org/bot7762421006:AAEVrYZMgI3XW__EPWWS3fehEEkrJjDFeOo/getMe "HTTP/1.1 200 OK"
2025-01-30 16:11:50,227 - telegram.ext.Application - INFO - Application started
2025-01-30 16:11:50,306 - httpx - INFO - HTTP Request: POST https://api.telegram.org/bot7762421006:AAEVrYZMgI3XW__EPWWS3fehEEkrJjDFeOo/deleteWebhook "HTTP/1.1 200 OK"
2025-01-30 16:11:55,998 - httpx - INFO - HTTP Request: POST https://api.telegram.org/bot7762421006:AAEVrYZMgI3XW__EPWWS3fehEEkrJjDFeOo/getUpdates "HTTP/1.1 200 OK"
2025-01-30 16:11:56,248 - httpx - INFO - HTTP Request: POST https://api.telegram.org/bot7762421006:AAEVrYZMgI3XW__EPWWS3fehEEkrJjDFeOo/sendMessage "HTTP/1.1 200 OK"
2025-01-30 16:12:06,100 - httpx - INFO - HTTP Request: POST https://api.telegram.org/bot7762421006:AAEVrYZMgI3XW__EPWWS3fehEEkrJjDFeOo/getUpdates "HTTP/1.1 200 OK"
2025-01-30 16:12:16,159 - httpx - INFO - HTTP Request: POST https://api.telegram.org/bot7762421006:AAEVrYZMgI3XW__EPWWS3fehEEkrJjDFeOo/getUpdates "HTTP/1.1 200 OK"
2025-01-30 16:12:26,212 - httpx - INFO - HTTP Request: POST https://api.telegram.org/bot7762421006:AAEVrYZMgI3XW__EPWWS3fehEEkrJjDFeOo/getUpdates "HTTP/1.1 200 OK"
2025-01-30 16:12:36,263 - httpx - INFO - HTTP Request: POST https://api.telegram.org/bot7762421006:AAEVrYZMgI3XW__EPWWS3fehEEkrJjDFeOo/getUpdates "HTTP/1.1 200 OK"
2025-01-30 16:12:46,344 - httpx - INFO - HTTP Request: POST https://api.telegram.org/bot7762421006:AAEVrYZMgI3XW__EPWWS3fehEEkrJjDFeOo/getUpdates "HTTP/1.1 200 OK"
2025-01-30 16:12:56,509 - httpx - INFO - HTTP Request: POST https://api.telegram.org/bot7762421006:AAEVrYZMgI3XW__EPWWS3fehEEkrJjDFeOo/getUpdates "HTTP/1.1 200 OK"
2025-01-30 16:13:06,851 - httpx - INFO - HTTP Request: POST https://api.telegram.org/bot7762421006:AAEVrYZMgI3XW__EPWWS3fehEEkrJjDFeOo/getUpdates "HTTP/1.1 200 OK"
2025-01-30 16:13:17,063 - httpx - INFO - HTTP Request: POST https://api.telegram.org/bot7762421006:AAEVrYZMgI3XW__EPWWS3fehEEkrJjDFeOo/getUpdates "HTTP/1.1 200 OK"
2025-01-30 16:13:20,599 - httpx - INFO - HTTP Request: POST https://api.telegram.org/bot7762421006:AAEVrYZMgI3XW__EPWWS3fehEEkrJjDFeOo/getUpdates "HTTP/1.1 200 OK"
2025-01-30 16:13:21,321 - httpx - INFO - HTTP Request: POST https://api.telegram.org/bot7762421006:AAEVrYZMgI3XW__EPWWS3fehEEkrJjDFeOo/sendDocument "HTTP/1.1 200 OK"
2025-01-30 16:13:26,937 - httpx - INFO - HTTP Request: POST https://api.telegram.org/bot7762421006:AAEVrYZMgI3XW__EPWWS3fehEEkrJjDFeOo/getUpdates "HTTP/1.1 200 OK"
2025-01-30 16:13:27,239 - httpx - INFO - HTTP Request: POST https://api.telegram.org/bot7762421006:AAEVrYZMgI3XW__EPWWS3fehEEkrJjDFeOo/sendMessage "HTTP/1.1 200 OK"
2025-01-30 16:13:37,029 - httpx - INFO - HTTP Request: POST https://api.telegram.org/bot7762421006:AAEVrYZMgI3XW__EPWWS3fehEEkrJjDFeOo/getUpdates "HTTP/1.1 200 OK"
2025-01-30 16:13:47,146 - httpx - INFO - HTTP Request: POST https://api.telegram.org/bot7762421006:AAEVrYZMgI3XW__EPWWS3fehEEkrJjDFeOo/getUpdates "HTTP/1.1 200 OK"
2025-01-30 16:13:47,726 - httpx - INFO - HTTP Request: POST https://api.telegram.org/bot7762421006:AAEVrYZMgI3XW__EPWWS3fehEEkrJjDFeOo/getUpdates "HTTP/1.1 200 OK"
2025-01-30 16:13:48,144 - httpx - INFO - HTTP Request: POST https://api.telegram.org/bot7762421006:AAEVrYZMgI3XW__EPWWS3fehEEkrJjDFeOo/sendMessage "HTTP/1.1 200 OK"
2025-01-30 16:13:57,103 - httpx - INFO - HTTP Request: POST https://api.telegram.org/bot7762421006:AAEVrYZMgI3XW__EPWWS3fehEEkrJjDFeOo/getUpdates "HTTP/1.1 200 OK"
2025-01-30 16:13:57,465 - httpx - INFO - HTTP Request: POST https://api.telegram.org/bot7762421006:AAEVrYZMgI3XW__EPWWS3fehEEkrJjDFeOo/sendDocument "HTTP/1.1 200 OK"
2025-01-30 16:13:59,755 - httpx - INFO - HTTP Request: POST https://api.telegram.org/bot7762421006:AAEVrYZMgI3XW__EPWWS3fehEEkrJjDFeOo/getUpdates "HTTP/1.1 200 OK"
2025-01-30 16:13:59,899 - httpx - INFO - HTTP Request: POST https://api.telegram.org/bot7762421006:AAEVrYZMgI3XW__EPWWS3fehEEkrJjDFeOo/sendMessage "HTTP/1.1 200 OK"
2025-01-30 16:14:02,625 - httpx - INFO - HTTP Request: POST https://api.telegram.org/bot7762421006:AAEVrYZMgI3XW__EPWWS3fehEEkrJjDFeOo/getUpdates "HTTP/1.1 200 OK"
2025-01-30 16:14:02,711 - httpx - INFO - HTTP Request: POST https://api.telegram.org/bot7762421006:AAEVrYZMgI3XW__EPWWS3fehEEkrJjDFeOo/sendMessage "HTTP/1.1 200 OK"
2025-01-30 16:14:05,022 - httpx - INFO - HTTP Request: POST https://api.telegram.org/bot7762421006:AAEVrYZMgI3XW__EPWWS3fehEEkrJjDFeOo/getUpdates "HTTP/1.1 200 OK"
2025-01-30 16:14:05,169 - httpx - INFO - HTTP Request: POST https://api.telegram.org/bot7762421006:AAEVrYZMgI3XW__EPWWS3fehEEkrJjDFeOo/sendMessage "HTTP/1.1 200 OK"
2025-01-30 16:14:06,153 - httpx - INFO - HTTP Request: POST https://api.telegram.org/bot7762421006:AAEVrYZMgI3XW__EPWWS3fehEEkrJjDFeOo/getUpdates "HTTP/1.1 200 OK"
2025-01-30 16:14:06,395 - httpx - INFO - HTTP Request: POST https://api.telegram.org/bot7762421006:AAEVrYZMgI3XW__EPWWS3fehEEkrJjDFeOo/sendMessage "HTTP/1.1 200 OK"
2025-01-30 16:14:07,228 - httpx - INFO - HTTP Request: POST https://api.telegram.org/bot7762421006:AAEVrYZMgI3XW__EPWWS3fehEEkrJjDFeOo/getUpdates "HTTP/1.1 200 OK"
2025-01-30 16:14:07,468 - httpx - INFO - HTTP Request: POST https://api.telegram.org/bot7762421006:AAEVrYZMgI3XW__EPWWS3fehEEkrJjDFeOo/sendMessage "HTTP/1.1 200 OK"
2025-01-30 16:14:08,303 - httpx - INFO - HTTP Request: POST https://api.telegram.org/bot7762421006:AAEVrYZMgI3XW__EPWWS3fehEEkrJjDFeOo/getUpdates "HTTP/1.1 200 OK"
2025-01-30 16:14:08,473 - httpx - INFO - HTTP Request: POST https://api.telegram.org/bot7762421006:AAEVrYZMgI3XW__EPWWS3fehEEkrJjDFeOo/sendMessage "HTTP/1.1 200 OK"
2025-01-30 16:14:09,439 - httpx - INFO - HTTP Request: POST https://api.telegram.org/bot7762421006:AAEVrYZMgI3XW__EPWWS3fehEEkrJjDFeOo/getUpdates "HTTP/1.1 200 OK"
2025-01-30 16:14:09,534 - httpx - INFO - HTTP Request: POST https://api.telegram.org/bot7762421006:AAEVrYZMgI3XW__EPWWS3fehEEkrJjDFeOo/sendMessage "HTTP/1.1 200 OK"
2025-01-30 16:14:10,615 - httpx - INFO - HTTP Request: POST https://api.telegram.org/bot7762421006:AAEVrYZMgI3XW__EPWWS3fehEEkrJjDFeOo/getUpdates "HTTP/1.1 200 OK"
2025-01-30 16:14:10,755 - httpx - INFO - HTTP Request: POST https://api.telegram.org/bot7762421006:AAEVrYZMgI3XW__EPWWS3fehEEkrJjDFeOo/sendMessage "HTTP/1.1 200 OK"
2025-01-30 16:14:11,337 - httpx - INFO - HTTP Request: POST https://api.telegram.org/bot7762421006:AAEVrYZMgI3XW__EPWWS3fehEEkrJjDFeOo/getUpdates "HTTP/1.1 200 OK"
2025-01-30 16:14:11,519 - httpx - INFO - HTTP Request: POST https://api.telegram.org/bot7762421006:AAEVrYZMgI3XW__EPWWS3fehEEkrJjDFeOo/sendMessage "HTTP/1.1 200 OK"
2025-01-30 16:14:11,663 - httpx - INFO - HTTP Request: POST https://api.telegram.org/bot7762421006:AAEVrYZMgI3XW__EPWWS3fehEEkrJjDFeOo/getUpdates "HTTP/1.1 200 OK"
2025-01-30 16:14:11,753 - httpx - INFO - HTTP Request: POST https://api.telegram.org/bot7762421006:AAEVrYZMgI3XW__EPWWS3fehEEkrJjDFeOo/sendMessage "HTTP/1.1 200 OK"
2025-01-30 16:14:12,257 - httpx - INFO - HTTP Request: POST https://api.telegram.org/bot7762421006:AAEVrYZMgI3XW__EPWWS3fehEEkrJjDFeOo/getUpdates "HTTP/1.1 200 OK"
2025-01-30 16:14:12,402 - httpx - INFO - HTTP Request: POST https://api.telegram.org/bot7762421006:AAEVrYZMgI3XW__EPWWS3fehEEkrJjDFeOo/sendMessage "HTTP/1.1 200 OK"
2025-01-30 16:14:12,660 - httpx - INFO - HTTP Request: POST https://api.telegram.org/bot7762421006:AAEVrYZMgI3XW__EPWWS3fehEEkrJjDFeOo/getUpdates "HTTP/1.1 200 OK"
2025-01-30 16:14:12,818 - httpx - INFO - HTTP Request: POST https://api.telegram.org/bot7762421006:AAEVrYZMgI3XW__EPWWS3fehEEkrJjDFeOo/sendMessage "HTTP/1.1 200 OK"
2025-01-30 16:14:13,821 - httpx - INFO - HTTP Request: POST https://api.telegram.org/bot7762421006:AAEVrYZMgI3XW__EPWWS3fehEEkrJjDFeOo/getUpdates "HTTP/1.1 200 OK"
2025-01-30 16:14:13,903 - httpx - INFO - HTTP Request: POST https://api.telegram.org/bot7762421006:AAEVrYZMgI3XW__EPWWS3fehEEkrJjDFeOo/sendMessage "HTTP/1.1 200 OK"
2025-01-30 16:14:15,457 - httpx - INFO - HTTP Request: POST https://api.telegram.org/bot7762421006:AAEVrYZMgI3XW__EPWWS3fehEEkrJjDFeOo/getUpdates "HTTP/1.1 200 OK"
2025-01-30 16:14:15,688 - httpx - INFO - HTTP Request: POST https://api.telegram.org/bot7762421006:AAEVrYZMgI3XW__EPWWS3fehEEkrJjDFeOo/sendMessage "HTTP/1.1 200 OK"
2025-01-30 16:14:16,103 - httpx - INFO - HTTP Request: POST https://api.telegram.org/bot7762421006:AAEVrYZMgI3XW__EPWWS3fehEEkrJjDFeOo/getUpdates "HTTP/1.1 200 OK"
2025-01-30 16:14:16,273 - httpx - INFO - HTTP Request: POST https://api.telegram.org/bot7762421006:AAEVrYZMgI3XW__EPWWS3fehEEkrJjDFeOo/sendMessage "HTTP/1.1 200 OK"
2025-01-30 16:14:17,452 - httpx - INFO - HTTP Request: POST https://api.telegram.org/bot7762421006:AAEVrYZMgI3XW__EPWWS3fehEEkrJjDFeOo/getUpdates "HTTP/1.1 200 OK"
2025-01-30 16:14:17,588 - httpx - INFO - HTTP Request: POST https://api.telegram.org/bot7762421006:AAEVrYZMgI3XW__EPWWS3fehEEkrJjDFeOo/sendMessage "HTTP/1.1 200 OK"
2025-01-30 16:14:20,324 - httpx - INFO - HTTP Request: POST https://api.telegram.org/bot7762421006:AAEVrYZMgI3XW__EPWWS3fehEEkrJjDFeOo/getUpdates "HTTP/1.1 200 OK"
2025-01-30 16:14:20,474 - httpx - INFO - HTTP Request: POST https://api.telegram.org/bot7762421006:AAEVrYZMgI3XW__EPWWS3fehEEkrJjDFeOo/sendMessage "HTTP/1.1 200 OK"
2025-01-30 16:14:21,615 - httpx - INFO - HTTP Request: POST https://api.telegram.org/bot7762421006:AAEVrYZMgI3XW__EPWWS3fehEEkrJjDFeOo/getUpdates "HTTP/1.1 200 OK"
2025-01-30 16:14:21,958 - httpx - INFO - HTTP Request: POST https://api.telegram.org/bot7762421006:AAEVrYZMgI3XW__EPWWS3fehEEkrJjDFeOo/sendMessage "HTTP/1.1 200 OK"
2025-01-30 16:14:22,367 - httpx - INFO - HTTP Request: POST https://api.telegram.org/bot7762421006:AAEVrYZMgI3XW__EPWWS3fehEEkrJjDFeOo/getUpdates "HTTP/1.1 200 OK"
2025-01-30 16:14:22,608 - httpx - INFO - HTTP Request: POST https://api.telegram.org/bot7762421006:AAEVrYZMgI3XW__EPWWS3fehEEkrJjDFeOo/sendMessage "HTTP/1.1 200 OK"
2025-01-30 16:14:24,246 - httpx - INFO - HTTP Request: POST https://api.telegram.org/bot7762421006:AAEVrYZMgI3XW__EPWWS3fehEEkrJjDFeOo/getUpdates "HTTP/1.1 200 OK"
2025-01-30 16:14:24,349 - httpx - INFO - HTTP Request: POST https://api.telegram.org/bot7762421006:AAEVrYZMgI3XW__EPWWS3fehEEkrJjDFeOo/sendMessage "HTTP/1.1 200 OK"
2025-01-30 16:14:24,781 - httpx - INFO - HTTP Request: POST https://api.telegram.org/bot7762421006:AAEVrYZMgI3XW__EPWWS3fehEEkrJjDFeOo/getUpdates "HTTP/1.1 200 OK"
2025-01-30 16:14:24,857 - httpx - INFO - HTTP Request: POST https://api.telegram.org/bot7762421006:AAEVrYZMgI3XW__EPWWS3fehEEkrJjDFeOo/sendMessage "HTTP/1.1 200 OK"
2025-01-30 16:14:25,152 - httpx - INFO - HTTP Request: POST https://api.telegram.org/bot7762421006:AAEVrYZMgI3XW__EPWWS3fehEEkrJjDFeOo/getUpdates "HTTP/1.1 200 OK"
2025-01-30 16:14:25,316 - httpx - INFO - HTTP Request: POST https://api.telegram.org/bot7762421006:AAEVrYZMgI3XW__EPWWS3fehEEkrJjDFeOo/sendMessage "HTTP/1.1 200 OK"
2025-01-30 16:14:25,649 - httpx - INFO - HTTP Request: POST https://api.telegram.org/bot7762421006:AAEVrYZMgI3XW__EPWWS3fehEEkrJjDFeOo/getUpdates "HTTP/1.1 200 OK"
2025-01-30 16:14:25,817 - httpx - INFO - HTTP Request: POST https://api.telegram.org/bot7762421006:AAEVrYZMgI3XW__EPWWS3fehEEkrJjDFeOo/sendMessage "HTTP/1.1 200 OK"
2025-01-30 16:14:25,977 - httpx - INFO - HTTP Request: POST https://api.telegram.org/bot7762421006:AAEVrYZMgI3XW__EPWWS3fehEEkrJjDFeOo/getUpdates "HTTP/1.1 200 OK"
2025-01-30 16:14:26,149 - httpx - INFO - HTTP Request: POST https://api.telegram.org/bot7762421006:AAEVrYZMgI3XW__EPWWS3fehEEkrJjDFeOo/sendMessage "HTTP/1.1 200 OK"
2025-01-30 16:14:27,291 - httpx - INFO - HTTP Request: POST https://api.telegram.org/bot7762421006:AAEVrYZMgI3XW__EPWWS3fehEEkrJjDFeOo/getUpdates "HTTP/1.1 200 OK"
2025-01-30 16:14:27,382 - httpx - INFO - HTTP Request: POST https://api.telegram.org/bot7762421006:AAEVrYZMgI3XW__EPWWS3fehEEkrJjDFeOo/getUpdates "HTTP/1.1 200 OK"
2025-01-30 16:14:27,469 - httpx - INFO - HTTP Request: POST https://api.telegram.org/bot7762421006:AAEVrYZMgI3XW__EPWWS3fehEEkrJjDFeOo/sendMessage "HTTP/1.1 200 OK"
2025-01-30 16:14:27,579 - httpx - INFO - HTTP Request: POST https://api.telegram.org/bot7762421006:AAEVrYZMgI3XW__EPWWS3fehEEkrJjDFeOo/getUpdates "HTTP/1.1 200 OK"
2025-01-30 16:14:27,702 - httpx - INFO - HTTP Request: POST https://api.telegram.org/bot7762421006:AAEVrYZMgI3XW__EPWWS3fehEEkrJjDFeOo/sendMessage "HTTP/1.1 200 OK"
2025-01-30 16:14:27,962 - httpx - INFO - HTTP Request: POST https://api.telegram.org/bot7762421006:AAEVrYZMgI3XW__EPWWS3fehEEkrJjDFeOo/sendMessage "HTTP/1.1 200 OK"
2025-01-30 16:14:28,114 - httpx - INFO - HTTP Request: POST https://api.telegram.org/bot7762421006:AAEVrYZMgI3XW__EPWWS3fehEEkrJjDFeOo/getUpdates "HTTP/1.1 200 OK"
2025-01-30 16:14:28,362 - httpx - INFO - HTTP Request: POST https://api.telegram.org/bot7762421006:AAEVrYZMgI3XW__EPWWS3fehEEkrJjDFeOo/sendMessage "HTTP/1.1 200 OK"
2025-01-30 16:14:30,584 - httpx - INFO - HTTP Request: POST https://api.telegram.org/bot7762421006:AAEVrYZMgI3XW__EPWWS3fehEEkrJjDFeOo/getUpdates "HTTP/1.1 200 OK"
2025-01-30 16:14:30,746 - httpx - INFO - HTTP Request: POST https://api.telegram.org/bot7762421006:AAEVrYZMgI3XW__EPWWS3fehEEkrJjDFeOo/sendMessage "HTTP/1.1 200 OK"
2025-01-30 16:14:40,700 - httpx - INFO - HTTP Request: POST https://api.telegram.org/bot7762421006:AAEVrYZMgI3XW__EPWWS3fehEEkrJjDFeOo/getUpdates "HTTP/1.1 200 OK"
2025-01-30 16:14:50,753 - httpx - INFO - HTTP Request: POST https://api.telegram.org/bot7762421006:AAEVrYZMgI3XW__EPWWS3fehEEkrJjDFeOo/getUpdates "HTTP/1.1 200 OK"
2025-01-30 16:15:00,805 - httpx - INFO - HTTP Request: POST https://api.telegram.org/bot7762421006:AAEVrYZMgI3XW__EPWWS3fehEEkrJjDFeOo/getUpdates "HTTP/1.1 200 OK"
2025-01-30 16:15:11,022 - httpx - INFO - HTTP Request: POST https://api.telegram.org/bot7762421006:AAEVrYZMgI3XW__EPWWS3fehEEkrJjDFeOo/getUpdates "HTTP/1.1 200 OK"
2025-01-30 16:15:21,074 - httpx - INFO - HTTP Request: POST https://api.telegram.org/bot7762421006:AAEVrYZMgI3XW__EPWWS3fehEEkrJjDFeOo/getUpdates "HTTP/1.1 200 OK"
2025-01-30 16:15:31,872 - httpx - INFO - HTTP Request: POST https://api.telegram.org/bot7762421006:AAEVrYZMgI3XW__EPWWS3fehEEkrJjDFeOo/getUpdates "HTTP/1.1 200 OK"
2025-01-30 16:15:42,172 - httpx - INFO - HTTP Request: POST https://api.telegram.org/bot7762421006:AAEVrYZMgI3XW__EPWWS3fehEEkrJjDFeOo/getUpdates "HTTP/1.1 200 OK"
2025-01-30 16:15:53,933 - httpx - INFO - HTTP Request: POST https://api.telegram.org/bot7762421006:AAEVrYZMgI3XW__EPWWS3fehEEkrJjDFeOo/getUpdates "HTTP/1.1 200 OK"
2025-01-30 16:16:03,995 - httpx - INFO - HTTP Request: POST https://api.telegram.org/bot7762421006:AAEVrYZMgI3XW__EPWWS3fehEEkrJjDFeOo/getUpdates "HTTP/1.1 200 OK"
2025-01-30 16:16:10,656 - httpx - INFO - HTTP Request: POST https://api.telegram.org/bot7762421006:AAEVrYZMgI3XW__EPWWS3fehEEkrJjDFeOo/getUpdates "HTTP/1.1 200 OK"
2025-01-30 16:16:16,800 - httpx - INFO - HTTP Request: POST https://api.telegram.org/bot7762421006:AAEVrYZMgI3XW__EPWWS3fehEEkrJjDFeOo/getUpdates "HTTP/1.1 200 OK"
2025-01-30 16:16:24,157 - httpx - INFO - HTTP Request: POST https://api.telegram.org/bot7762421006:AAEVrYZMgI3XW__EPWWS3fehEEkrJjDFeOo/getUpdates "HTTP/1.1 200 OK"
2025-01-30 16:16:24,405 - httpx - INFO - HTTP Request: POST https://api.telegram.org/bot7762421006:AAEVrYZMgI3XW__EPWWS3fehEEkrJjDFeOo/sendMessage "HTTP/1.1 200 OK"
2025-01-30 16:16:32,921 - httpx - INFO - HTTP Request: POST https://api.telegram.org/bot7762421006:AAEVrYZMgI3XW__EPWWS3fehEEkrJjDFeOo/getUpdates "HTTP/1.1 200 OK"
2025-01-30 16:16:33,128 - httpx - INFO - HTTP Request: POST https://api.telegram.org/bot7762421006:AAEVrYZMgI3XW__EPWWS3fehEEkrJjDFeOo/sendMessage "HTTP/1.1 200 OK"
2025-01-30 16:16:35,867 - httpx - INFO - HTTP Request: POST https://api.telegram.org/bot7762421006:AAEVrYZMgI3XW__EPWWS3fehEEkrJjDFeOo/getMe "HTTP/1.1 200 OK"
2025-01-30 16:16:35,868 - telegram.ext.Application - INFO - Application started
2025-01-30 16:16:35,926 - httpx - INFO - HTTP Request: POST https://api.telegram.org/bot7762421006:AAEVrYZMgI3XW__EPWWS3fehEEkrJjDFeOo/deleteWebhook "HTTP/1.1 200 OK"
2025-01-30 16:16:46,097 - httpx - INFO - HTTP Request: POST https://api.telegram.org/bot7762421006:AAEVrYZMgI3XW__EPWWS3fehEEkrJjDFeOo/getUpdates "HTTP/1.1 200 OK"
2025-01-30 16:45:59,904 - httpx - INFO - HTTP Request: POST https://api.telegram.org/botYOUR_TELEGRAM_BOT_TOKEN/getMe "HTTP/1.1 404 Not Found"
2025-01-30 16:45:59,908 - __main__ - ERROR - Ошибка: The token `YOUR_TELEGRAM_BOT_TOKEN` was rejected by the server.
2025-01-30 16:47:31,654 - httpx - INFO - HTTP Request: POST https://api.telegram.org/bot7762421006:AAEVrYZMgI3XW__EPWWS3fehEEkrJjDFeOo/getMe "HTTP/1.1 200 OK"
2025-01-30 16:47:31,655 - telegram.ext.Application - INFO - Application started
2025-01-30 16:47:31,764 - httpx - INFO - HTTP Request: POST https://api.telegram.org/bot7762421006:AAEVrYZMgI3XW__EPWWS3fehEEkrJjDFeOo/deleteWebhook "HTTP/1.1 200 OK"
2025-01-30 16:47:32,094 - httpx - INFO - HTTP Request: POST https://api.telegram.org/bot7762421006:AAEVrYZMgI3XW__EPWWS3fehEEkrJjDFeOo/getUpdates "HTTP/1.1 200 OK"
2025-01-30 16:47:32,277 - httpx - INFO - HTTP Request: POST https://api.telegram.org/bot7762421006:AAEVrYZMgI3XW__EPWWS3fehEEkrJjDFeOo/sendMessage "HTTP/1.1 200 OK"
2025-01-30 16:47:42,236 - httpx - INFO - HTTP Request: POST https://api.telegram.org/bot7762421006:AAEVrYZMgI3XW__EPWWS3fehEEkrJjDFeOo/getUpdates "HTTP/1.1 200 OK"
2025-01-30 16:47:52,440 - httpx - INFO - HTTP Request: POST https://api.telegram.org/bot7762421006:AAEVrYZMgI3XW__EPWWS3fehEEkrJjDFeOo/getUpdates "HTTP/1.1 200 OK"
2025-01-30 16:48:02,550 - httpx - INFO - HTTP Request: POST https://api.telegram.org/bot7762421006:AAEVrYZMgI3XW__EPWWS3fehEEkrJjDFeOo/getUpdates "HTTP/1.1 200 OK"
2025-01-30 16:48:12,631 - httpx - INFO - HTTP Request: POST https://api.telegram.org/bot7762421006:AAEVrYZMgI3XW__EPWWS3fehEEkrJjDFeOo/getUpdates "HTTP/1.1 200 OK"
2025-01-30 16:48:22,711 - httpx - INFO - HTTP Request: POST https://api.telegram.org/bot7762421006:AAEVrYZMgI3XW__EPWWS3fehEEkrJjDFeOo/getUpdates "HTTP/1.1 200 OK"
2025-01-30 16:48:32,839 - httpx - INFO - HTTP Request: POST https://api.telegram.org/bot7762421006:AAEVrYZMgI3XW__EPWWS3fehEEkrJjDFeOo/getUpdates "HTTP/1.1 200 OK"
2025-01-30 16:48:42,955 - httpx - INFO - HTTP Request: POST https://api.telegram.org/bot7762421006:AAEVrYZMgI3XW__EPWWS3fehEEkrJjDFeOo/getUpdates "HTTP/1.1 200 OK"
2025-01-30 16:48:49,263 - httpx - INFO - HTTP Request: POST https://api.telegram.org/bot7762421006:AAEVrYZMgI3XW__EPWWS3fehEEkrJjDFeOo/getUpdates "HTTP/1.1 200 OK"
2025-01-30 16:48:49,699 - httpx - INFO - HTTP Request: POST https://api.telegram.org/bot7762421006:AAEVrYZMgI3XW__EPWWS3fehEEkrJjDFeOo/sendMessage "HTTP/1.1 200 OK"
2025-01-30 16:48:55,536 - httpx - INFO - HTTP Request: POST https://api.telegram.org/bot7762421006:AAEVrYZMgI3XW__EPWWS3fehEEkrJjDFeOo/getUpdates "HTTP/1.1 200 OK"
2025-01-30 16:48:55,872 - httpx - INFO - HTTP Request: POST https://api.telegram.org/bot7762421006:AAEVrYZMgI3XW__EPWWS3fehEEkrJjDFeOo/sendMessage "HTTP/1.1 200 OK"
2025-01-30 16:49:04,235 - httpx - INFO - HTTP Request: POST https://api.telegram.org/bot7762421006:AAEVrYZMgI3XW__EPWWS3fehEEkrJjDFeOo/getUpdates "HTTP/1.1 200 OK"
2025-01-30 16:49:04,730 - httpx - INFO - HTTP Request: POST https://api.telegram.org/bot7762421006:AAEVrYZMgI3XW__EPWWS3fehEEkrJjDFeOo/sendMessage "HTTP/1.1 200 OK"
2025-01-30 16:49:07,052 - httpx - INFO - HTTP Request: POST https://api.telegram.org/bot7762421006:AAEVrYZMgI3XW__EPWWS3fehEEkrJjDFeOo/getUpdates "HTTP/1.1 200 OK"
2025-01-30 16:49:07,380 - httpx - INFO - HTTP Request: POST https://api.telegram.org/bot7762421006:AAEVrYZMgI3XW__EPWWS3fehEEkrJjDFeOo/sendMessage "HTTP/1.1 200 OK"
2025-01-30 16:49:10,224 - httpx - INFO - HTTP Request: POST https://api.telegram.org/bot7762421006:AAEVrYZMgI3XW__EPWWS3fehEEkrJjDFeOo/getUpdates "HTTP/1.1 200 OK"
2025-01-30 16:49:10,376 - httpx - INFO - HTTP Request: POST https://api.telegram.org/bot7762421006:AAEVrYZMgI3XW__EPWWS3fehEEkrJjDFeOo/sendMessage "HTTP/1.1 200 OK"
2025-01-30 16:49:13,908 - httpx - INFO - HTTP Request: POST https://api.telegram.org/bot7762421006:AAEVrYZMgI3XW__EPWWS3fehEEkrJjDFeOo/getUpdates "HTTP/1.1 200 OK"
2025-01-30 16:49:14,063 - httpx - INFO - HTTP Request: POST https://api.telegram.org/bot7762421006:AAEVrYZMgI3XW__EPWWS3fehEEkrJjDFeOo/sendMessage "HTTP/1.1 200 OK"
2025-01-30 16:49:16,100 - httpx - INFO - HTTP Request: POST https://api.telegram.org/bot7762421006:AAEVrYZMgI3XW__EPWWS3fehEEkrJjDFeOo/getUpdates "HTTP/1.1 200 OK"
2025-01-30 16:49:16,206 - httpx - INFO - HTTP Request: POST https://api.telegram.org/bot7762421006:AAEVrYZMgI3XW__EPWWS3fehEEkrJjDFeOo/sendMessage "HTTP/1.1 200 OK"
2025-01-30 16:49:18,499 - httpx - INFO - HTTP Request: POST https://api.telegram.org/bot7762421006:AAEVrYZMgI3XW__EPWWS3fehEEkrJjDFeOo/getUpdates "HTTP/1.1 200 OK"
2025-01-30 16:49:18,653 - httpx - INFO - HTTP Request: POST https://api.telegram.org/bot7762421006:AAEVrYZMgI3XW__EPWWS3fehEEkrJjDFeOo/sendMessage "HTTP/1.1 200 OK"
2025-01-30 16:49:24,253 - httpx - INFO - HTTP Request: POST https://api.telegram.org/bot7762421006:AAEVrYZMgI3XW__EPWWS3fehEEkrJjDFeOo/getUpdates "HTTP/1.1 200 OK"
2025-01-30 16:49:24,591 - httpx - INFO - HTTP Request: POST https://api.telegram.org/bot7762421006:AAEVrYZMgI3XW__EPWWS3fehEEkrJjDFeOo/sendMessage "HTTP/1.1 200 OK"
2025-01-30 16:49:26,796 - httpx - INFO - HTTP Request: POST https://api.telegram.org/bot7762421006:AAEVrYZMgI3XW__EPWWS3fehEEkrJjDFeOo/getUpdates "HTTP/1.1 200 OK"
2025-01-30 16:49:26,960 - httpx - INFO - HTTP Request: POST https://api.telegram.org/bot7762421006:AAEVrYZMgI3XW__EPWWS3fehEEkrJjDFeOo/sendMessage "HTTP/1.1 200 OK"
2025-01-30 16:49:29,347 - httpx - INFO - HTTP Request: POST https://api.telegram.org/bot7762421006:AAEVrYZMgI3XW__EPWWS3fehEEkrJjDFeOo/getUpdates "HTTP/1.1 200 OK"
2025-01-30 16:49:29,536 - httpx - INFO - HTTP Request: POST https://api.telegram.org/bot7762421006:AAEVrYZMgI3XW__EPWWS3fehEEkrJjDFeOo/sendMessage "HTTP/1.1 200 OK"
2025-01-30 16:49:31,998 - httpx - INFO - HTTP Request: POST https://api.telegram.org/bot7762421006:AAEVrYZMgI3XW__EPWWS3fehEEkrJjDFeOo/getUpdates "HTTP/1.1 200 OK"
2025-01-30 16:49:32,145 - httpx - INFO - HTTP Request: POST https://api.telegram.org/bot7762421006:AAEVrYZMgI3XW__EPWWS3fehEEkrJjDFeOo/sendMessage "HTTP/1.1 200 OK"
2025-01-30 16:49:37,417 - httpx - INFO - HTTP Request: POST https://api.telegram.org/bot7762421006:AAEVrYZMgI3XW__EPWWS3fehEEkrJjDFeOo/getUpdates "HTTP/1.1 200 OK"
2025-01-30 16:49:37,763 - httpx - INFO - HTTP Request: POST https://api.telegram.org/bot7762421006:AAEVrYZMgI3XW__EPWWS3fehEEkrJjDFeOo/sendMessage "HTTP/1.1 200 OK"
2025-01-30 16:49:40,369 - httpx - INFO - HTTP Request: POST https://api.telegram.org/bot7762421006:AAEVrYZMgI3XW__EPWWS3fehEEkrJjDFeOo/getUpdates "HTTP/1.1 200 OK"
2025-01-30 16:49:40,460 - httpx - INFO - HTTP Request: POST https://api.telegram.org/bot7762421006:AAEVrYZMgI3XW__EPWWS3fehEEkrJjDFeOo/sendMessage "HTTP/1.1 200 OK"
2025-01-30 16:49:47,787 - httpx - INFO - HTTP Request: POST https://api.telegram.org/bot7762421006:AAEVrYZMgI3XW__EPWWS3fehEEkrJjDFeOo/getUpdates "HTTP/1.1 200 OK"
2025-01-30 16:49:48,102 - httpx - INFO - HTTP Request: POST https://api.telegram.org/bot7762421006:AAEVrYZMgI3XW__EPWWS3fehEEkrJjDFeOo/sendMessage "HTTP/1.1 200 OK"
2025-01-30 16:49:52,215 - httpx - INFO - HTTP Request: POST https://api.telegram.org/bot7762421006:AAEVrYZMgI3XW__EPWWS3fehEEkrJjDFeOo/getUpdates "HTTP/1.1 200 OK"
2025-01-30 16:49:53,058 - httpx - INFO - HTTP Request: POST https://api.telegram.org/bot7762421006:AAEVrYZMgI3XW__EPWWS3fehEEkrJjDFeOo/sendMessage "HTTP/1.1 200 OK"
2025-01-30 16:49:55,424 - httpx - INFO - HTTP Request: POST https://api.telegram.org/bot7762421006:AAEVrYZMgI3XW__EPWWS3fehEEkrJjDFeOo/getUpdates "HTTP/1.1 200 OK"
2025-01-30 16:49:55,508 - httpx - INFO - HTTP Request: POST https://api.telegram.org/bot7762421006:AAEVrYZMgI3XW__EPWWS3fehEEkrJjDFeOo/sendMessage "HTTP/1.1 200 OK"
2025-01-30 16:49:58,140 - httpx - INFO - HTTP Request: POST https://api.telegram.org/bot7762421006:AAEVrYZMgI3XW__EPWWS3fehEEkrJjDFeOo/getUpdates "HTTP/1.1 200 OK"
2025-01-30 16:49:58,250 - httpx - INFO - HTTP Request: POST https://api.telegram.org/bot7762421006:AAEVrYZMgI3XW__EPWWS3fehEEkrJjDFeOo/sendMessage "HTTP/1.1 200 OK"
2025-01-30 16:50:08,102 - httpx - INFO - HTTP Request: POST https://api.telegram.org/bot7762421006:AAEVrYZMgI3XW__EPWWS3fehEEkrJjDFeOo/getUpdates "HTTP/1.1 200 OK"
2025-01-30 16:50:08,532 - httpx - INFO - HTTP Request: POST https://api.telegram.org/bot7762421006:AAEVrYZMgI3XW__EPWWS3fehEEkrJjDFeOo/sendMessage "HTTP/1.1 200 OK"
2025-01-30 16:50:13,609 - httpx - INFO - HTTP Request: POST https://api.telegram.org/bot7762421006:AAEVrYZMgI3XW__EPWWS3fehEEkrJjDFeOo/getUpdates "HTTP/1.1 200 OK"
2025-01-30 16:50:14,896 - httpx - INFO - HTTP Request: POST https://api.telegram.org/bot7762421006:AAEVrYZMgI3XW__EPWWS3fehEEkrJjDFeOo/sendMessage "HTTP/1.1 200 OK"
2025-01-30 16:50:24,411 - httpx - INFO - HTTP Request: POST https://api.telegram.org/bot7762421006:AAEVrYZMgI3XW__EPWWS3fehEEkrJjDFeOo/getUpdates "HTTP/1.1 200 OK"
2025-01-30 16:50:24,880 - httpx - INFO - HTTP Request: POST https://api.telegram.org/bot7762421006:AAEVrYZMgI3XW__EPWWS3fehEEkrJjDFeOo/sendMessage "HTTP/1.1 200 OK"
2025-01-30 16:50:30,799 - httpx - INFO - HTTP Request: POST https://api.telegram.org/bot7762421006:AAEVrYZMgI3XW__EPWWS3fehEEkrJjDFeOo/getUpdates "HTTP/1.1 200 OK"
2025-01-30 16:50:31,711 - httpx - INFO - HTTP Request: POST https://api.telegram.org/bot7762421006:AAEVrYZMgI3XW__EPWWS3fehEEkrJjDFeOo/sendMessage "HTTP/1.1 200 OK"
2025-01-30 16:50:37,133 - httpx - INFO - HTTP Request: POST https://api.telegram.org/bot7762421006:AAEVrYZMgI3XW__EPWWS3fehEEkrJjDFeOo/getUpdates "HTTP/1.1 200 OK"
2025-01-30 16:50:37,403 - httpx - INFO - HTTP Request: POST https://api.telegram.org/bot7762421006:AAEVrYZMgI3XW__EPWWS3fehEEkrJjDFeOo/sendMessage "HTTP/1.1 200 OK"
2025-01-30 16:50:42,841 - httpx - INFO - HTTP Request: POST https://api.telegram.org/bot7762421006:AAEVrYZMgI3XW__EPWWS3fehEEkrJjDFeOo/getUpdates "HTTP/1.1 200 OK"
2025-01-30 16:50:43,401 - httpx - INFO - HTTP Request: POST https://api.telegram.org/bot7762421006:AAEVrYZMgI3XW__EPWWS3fehEEkrJjDFeOo/sendMessage "HTTP/1.1 200 OK"
2025-01-30 16:50:52,440 - httpx - INFO - HTTP Request: POST https://api.telegram.org/bot7762421006:AAEVrYZMgI3XW__EPWWS3fehEEkrJjDFeOo/getUpdates "HTTP/1.1 200 OK"
2025-01-30 16:50:52,683 - httpx - INFO - HTTP Request: POST https://api.telegram.org/bot7762421006:AAEVrYZMgI3XW__EPWWS3fehEEkrJjDFeOo/sendMessage "HTTP/1.1 200 OK"
2025-01-30 16:50:54,747 - httpx - INFO - HTTP Request: POST https://api.telegram.org/bot7762421006:AAEVrYZMgI3XW__EPWWS3fehEEkrJjDFeOo/getUpdates "HTTP/1.1 200 OK"
2025-01-30 16:50:54,864 - httpx - INFO - HTTP Request: POST https://api.telegram.org/bot7762421006:AAEVrYZMgI3XW__EPWWS3fehEEkrJjDFeOo/sendMessage "HTTP/1.1 200 OK"
2025-01-30 16:50:57,236 - httpx - INFO - HTTP Request: POST https://api.telegram.org/bot7762421006:AAEVrYZMgI3XW__EPWWS3fehEEkrJjDFeOo/getUpdates "HTTP/1.1 200 OK"
2025-01-30 16:50:57,379 - httpx - INFO - HTTP Request: POST https://api.telegram.org/bot7762421006:AAEVrYZMgI3XW__EPWWS3fehEEkrJjDFeOo/sendMessage "HTTP/1.1 200 OK"
2025-01-30 16:51:00,335 - httpx - INFO - HTTP Request: POST https://api.telegram.org/bot7762421006:AAEVrYZMgI3XW__EPWWS3fehEEkrJjDFeOo/getUpdates "HTTP/1.1 200 OK"
2025-01-30 16:51:00,440 - httpx - INFO - HTTP Request: POST https://api.telegram.org/bot7762421006:AAEVrYZMgI3XW__EPWWS3fehEEkrJjDFeOo/sendMessage "HTTP/1.1 200 OK"
2025-01-30 16:51:04,201 - httpx - INFO - HTTP Request: POST https://api.telegram.org/bot7762421006:AAEVrYZMgI3XW__EPWWS3fehEEkrJjDFeOo/getUpdates "HTTP/1.1 200 OK"
2025-01-30 16:51:04,284 - httpx - INFO - HTTP Request: POST https://api.telegram.org/bot7762421006:AAEVrYZMgI3XW__EPWWS3fehEEkrJjDFeOo/sendMessage "HTTP/1.1 200 OK"
2025-01-30 16:51:06,502 - httpx - INFO - HTTP Request: POST https://api.telegram.org/bot7762421006:AAEVrYZMgI3XW__EPWWS3fehEEkrJjDFeOo/getUpdates "HTTP/1.1 200 OK"
2025-01-30 16:51:06,594 - httpx - INFO - HTTP Request: POST https://api.telegram.org/bot7762421006:AAEVrYZMgI3XW__EPWWS3fehEEkrJjDFeOo/sendMessage "HTTP/1.1 200 OK"
2025-01-30 16:51:08,640 - httpx - INFO - HTTP Request: POST https://api.telegram.org/bot7762421006:AAEVrYZMgI3XW__EPWWS3fehEEkrJjDFeOo/getUpdates "HTTP/1.1 200 OK"
2025-01-30 16:51:08,747 - httpx - INFO - HTTP Request: POST https://api.telegram.org/bot7762421006:AAEVrYZMgI3XW__EPWWS3fehEEkrJjDFeOo/sendMessage "HTTP/1.1 200 OK"
2025-01-30 16:51:18,781 - httpx - INFO - HTTP Request: POST https://api.telegram.org/bot7762421006:AAEVrYZMgI3XW__EPWWS3fehEEkrJjDFeOo/getUpdates "HTTP/1.1 200 OK"
2025-01-30 16:51:25,176 - httpx - INFO - HTTP Request: POST https://api.telegram.org/bot7762421006:AAEVrYZMgI3XW__EPWWS3fehEEkrJjDFeOo/getUpdates "HTTP/1.1 200 OK"
2025-01-30 16:51:25,493 - httpx - INFO - HTTP Request: POST https://api.telegram.org/bot7762421006:AAEVrYZMgI3XW__EPWWS3fehEEkrJjDFeOo/sendMessage "HTTP/1.1 200 OK"
2025-01-30 16:51:28,550 - httpx - INFO - HTTP Request: POST https://api.telegram.org/bot7762421006:AAEVrYZMgI3XW__EPWWS3fehEEkrJjDFeOo/getUpdates "HTTP/1.1 200 OK"
2025-01-30 16:51:28,755 - httpx - INFO - HTTP Request: POST https://api.telegram.org/bot7762421006:AAEVrYZMgI3XW__EPWWS3fehEEkrJjDFeOo/sendMessage "HTTP/1.1 200 OK"
2025-01-30 16:51:32,826 - httpx - INFO - HTTP Request: POST https://api.telegram.org/bot7762421006:AAEVrYZMgI3XW__EPWWS3fehEEkrJjDFeOo/getUpdates "HTTP/1.1 200 OK"
2025-01-30 16:51:32,915 - httpx - INFO - HTTP Request: POST https://api.telegram.org/bot7762421006:AAEVrYZMgI3XW__EPWWS3fehEEkrJjDFeOo/sendMessage "HTTP/1.1 200 OK"
2025-01-30 16:51:35,210 - httpx - INFO - HTTP Request: POST https://api.telegram.org/bot7762421006:AAEVrYZMgI3XW__EPWWS3fehEEkrJjDFeOo/getUpdates "HTTP/1.1 200 OK"
2025-01-30 16:51:35,302 - httpx - INFO - HTTP Request: POST https://api.telegram.org/bot7762421006:AAEVrYZMgI3XW__EPWWS3fehEEkrJjDFeOo/sendMessage "HTTP/1.1 200 OK"
2025-01-30 16:51:43,857 - httpx - INFO - HTTP Request: POST https://api.telegram.org/bot7762421006:AAEVrYZMgI3XW__EPWWS3fehEEkrJjDFeOo/getUpdates "HTTP/1.1 200 OK"
2025-01-30 16:51:44,105 - httpx - INFO - HTTP Request: POST https://api.telegram.org/bot7762421006:AAEVrYZMgI3XW__EPWWS3fehEEkrJjDFeOo/sendMessage "HTTP/1.1 200 OK"
2025-01-30 16:51:46,479 - httpx - INFO - HTTP Request: POST https://api.telegram.org/bot7762421006:AAEVrYZMgI3XW__EPWWS3fehEEkrJjDFeOo/getUpdates "HTTP/1.1 200 OK"
2025-01-30 16:51:46,649 - httpx - INFO - HTTP Request: POST https://api.telegram.org/bot7762421006:AAEVrYZMgI3XW__EPWWS3fehEEkrJjDFeOo/sendMessage "HTTP/1.1 200 OK"
2025-01-30 16:51:48,622 - httpx - INFO - HTTP Request: POST https://api.telegram.org/bot7762421006:AAEVrYZMgI3XW__EPWWS3fehEEkrJjDFeOo/getUpdates "HTTP/1.1 200 OK"
2025-01-30 16:51:48,786 - httpx - INFO - HTTP Request: POST https://api.telegram.org/bot7762421006:AAEVrYZMgI3XW__EPWWS3fehEEkrJjDFeOo/sendMessage "HTTP/1.1 200 OK"
2025-01-30 16:51:51,422 - httpx - INFO - HTTP Request: POST https://api.telegram.org/bot7762421006:AAEVrYZMgI3XW__EPWWS3fehEEkrJjDFeOo/getUpdates "HTTP/1.1 200 OK"
2025-01-30 16:51:51,588 - httpx - INFO - HTTP Request: POST https://api.telegram.org/bot7762421006:AAEVrYZMgI3XW__EPWWS3fehEEkrJjDFeOo/sendMessage "HTTP/1.1 200 OK"
2025-01-30 16:51:53,733 - httpx - INFO - HTTP Request: POST https://api.telegram.org/bot7762421006:AAEVrYZMgI3XW__EPWWS3fehEEkrJjDFeOo/getUpdates "HTTP/1.1 200 OK"
2025-01-30 16:51:53,888 - httpx - INFO - HTTP Request: POST https://api.telegram.org/bot7762421006:AAEVrYZMgI3XW__EPWWS3fehEEkrJjDFeOo/sendMessage "HTTP/1.1 200 OK"
2025-01-30 16:51:58,003 - httpx - INFO - HTTP Request: POST https://api.telegram.org/bot7762421006:AAEVrYZMgI3XW__EPWWS3fehEEkrJjDFeOo/getUpdates "HTTP/1.1 200 OK"
2025-01-30 16:51:58,095 - httpx - INFO - HTTP Request: POST https://api.telegram.org/bot7762421006:AAEVrYZMgI3XW__EPWWS3fehEEkrJjDFeOo/sendMessage "HTTP/1.1 200 OK"
2025-01-30 16:52:02,279 - httpx - INFO - HTTP Request: POST https://api.telegram.org/bot7762421006:AAEVrYZMgI3XW__EPWWS3fehEEkrJjDFeOo/getUpdates "HTTP/1.1 200 OK"
2025-01-30 16:52:02,441 - httpx - INFO - HTTP Request: POST https://api.telegram.org/bot7762421006:AAEVrYZMgI3XW__EPWWS3fehEEkrJjDFeOo/sendMessage "HTTP/1.1 200 OK"
2025-01-30 16:52:04,350 - httpx - INFO - HTTP Request: POST https://api.telegram.org/bot7762421006:AAEVrYZMgI3XW__EPWWS3fehEEkrJjDFeOo/getUpdates "HTTP/1.1 200 OK"
2025-01-30 16:52:04,583 - httpx - INFO - HTTP Request: POST https://api.telegram.org/bot7762421006:AAEVrYZMgI3XW__EPWWS3fehEEkrJjDFeOo/sendMessage "HTTP/1.1 200 OK"
2025-01-30 16:52:06,069 - httpx - INFO - HTTP Request: POST https://api.telegram.org/bot7762421006:AAEVrYZMgI3XW__EPWWS3fehEEkrJjDFeOo/getUpdates "HTTP/1.1 200 OK"
2025-01-30 16:52:06,148 - httpx - INFO - HTTP Request: POST https://api.telegram.org/bot7762421006:AAEVrYZMgI3XW__EPWWS3fehEEkrJjDFeOo/sendMessage "HTTP/1.1 200 OK"
2025-01-30 16:52:07,890 - httpx - INFO - HTTP Request: POST https://api.telegram.org/bot7762421006:AAEVrYZMgI3XW__EPWWS3fehEEkrJjDFeOo/getUpdates "HTTP/1.1 200 OK"
2025-01-30 16:52:08,035 - httpx - INFO - HTTP Request: POST https://api.telegram.org/bot7762421006:AAEVrYZMgI3XW__EPWWS3fehEEkrJjDFeOo/sendMessage "HTTP/1.1 200 OK"
2025-01-30 16:52:10,098 - httpx - INFO - HTTP Request: POST https://api.telegram.org/bot7762421006:AAEVrYZMgI3XW__EPWWS3fehEEkrJjDFeOo/getUpdates "HTTP/1.1 200 OK"
2025-01-30 16:52:10,263 - httpx - INFO - HTTP Request: POST https://api.telegram.org/bot7762421006:AAEVrYZMgI3XW__EPWWS3fehEEkrJjDFeOo/sendMessage "HTTP/1.1 200 OK"
2025-01-30 16:52:11,329 - httpx - INFO - HTTP Request: POST https://api.telegram.org/bot7762421006:AAEVrYZMgI3XW__EPWWS3fehEEkrJjDFeOo/getUpdates "HTTP/1.1 200 OK"
2025-01-30 16:52:11,546 - httpx - INFO - HTTP Request: POST https://api.telegram.org/bot7762421006:AAEVrYZMgI3XW__EPWWS3fehEEkrJjDFeOo/sendMessage "HTTP/1.1 200 OK"
2025-01-30 16:52:12,646 - httpx - INFO - HTTP Request: POST https://api.telegram.org/bot7762421006:AAEVrYZMgI3XW__EPWWS3fehEEkrJjDFeOo/getUpdates "HTTP/1.1 200 OK"
2025-01-30 16:52:12,795 - httpx - INFO - HTTP Request: POST https://api.telegram.org/bot7762421006:AAEVrYZMgI3XW__EPWWS3fehEEkrJjDFeOo/sendMessage "HTTP/1.1 200 OK"
2025-01-30 16:52:13,878 - httpx - INFO - HTTP Request: POST https://api.telegram.org/bot7762421006:AAEVrYZMgI3XW__EPWWS3fehEEkrJjDFeOo/getUpdates "HTTP/1.1 200 OK"
2025-01-30 16:52:14,121 - httpx - INFO - HTTP Request: POST https://api.telegram.org/bot7762421006:AAEVrYZMgI3XW__EPWWS3fehEEkrJjDFeOo/sendMessage "HTTP/1.1 200 OK"
2025-01-30 16:52:15,524 - httpx - INFO - HTTP Request: POST https://api.telegram.org/bot7762421006:AAEVrYZMgI3XW__EPWWS3fehEEkrJjDFeOo/getUpdates "HTTP/1.1 200 OK"
2025-01-30 16:52:15,619 - httpx - INFO - HTTP Request: POST https://api.telegram.org/bot7762421006:AAEVrYZMgI3XW__EPWWS3fehEEkrJjDFeOo/sendMessage "HTTP/1.1 200 OK"
2025-01-30 16:52:17,002 - httpx - INFO - HTTP Request: POST https://api.telegram.org/bot7762421006:AAEVrYZMgI3XW__EPWWS3fehEEkrJjDFeOo/getUpdates "HTTP/1.1 200 OK"
2025-01-30 16:52:17,105 - httpx - INFO - HTTP Request: POST https://api.telegram.org/bot7762421006:AAEVrYZMgI3XW__EPWWS3fehEEkrJjDFeOo/sendMessage "HTTP/1.1 200 OK"
2025-01-30 16:52:19,246 - httpx - INFO - HTTP Request: POST https://api.telegram.org/bot7762421006:AAEVrYZMgI3XW__EPWWS3fehEEkrJjDFeOo/getUpdates "HTTP/1.1 200 OK"
2025-01-30 16:52:19,394 - httpx - INFO - HTTP Request: POST https://api.telegram.org/bot7762421006:AAEVrYZMgI3XW__EPWWS3fehEEkrJjDFeOo/sendMessage "HTTP/1.1 200 OK"
2025-01-30 16:52:21,553 - httpx - INFO - HTTP Request: POST https://api.telegram.org/bot7762421006:AAEVrYZMgI3XW__EPWWS3fehEEkrJjDFeOo/getUpdates "HTTP/1.1 200 OK"
2025-01-30 16:52:21,693 - httpx - INFO - HTTP Request: POST https://api.telegram.org/bot7762421006:AAEVrYZMgI3XW__EPWWS3fehEEkrJjDFeOo/sendMessage "HTTP/1.1 200 OK"
2025-01-30 16:52:22,845 - httpx - INFO - HTTP Request: POST https://api.telegram.org/bot7762421006:AAEVrYZMgI3XW__EPWWS3fehEEkrJjDFeOo/getUpdates "HTTP/1.1 200 OK"
2025-01-30 16:52:22,986 - httpx - INFO - HTTP Request: POST https://api.telegram.org/bot7762421006:AAEVrYZMgI3XW__EPWWS3fehEEkrJjDFeOo/sendMessage "HTTP/1.1 200 OK"
2025-01-30 16:52:32,962 - httpx - INFO - HTTP Request: POST https://api.telegram.org/bot7762421006:AAEVrYZMgI3XW__EPWWS3fehEEkrJjDFeOo/getUpdates "HTTP/1.1 200 OK"
2025-01-30 16:52:43,104 - httpx - INFO - HTTP Request: POST https://api.telegram.org/bot7762421006:AAEVrYZMgI3XW__EPWWS3fehEEkrJjDFeOo/getUpdates "HTTP/1.1 200 OK"
2025-01-30 16:52:53,199 - httpx - INFO - HTTP Request: POST https://api.telegram.org/bot7762421006:AAEVrYZMgI3XW__EPWWS3fehEEkrJjDFeOo/getUpdates "HTTP/1.1 200 OK"
2025-01-30 16:53:03,324 - httpx - INFO - HTTP Request: POST https://api.telegram.org/bot7762421006:AAEVrYZMgI3XW__EPWWS3fehEEkrJjDFeOo/getUpdates "HTTP/1.1 200 OK"
2025-01-30 16:53:13,457 - httpx - INFO - HTTP Request: POST https://api.telegram.org/bot7762421006:AAEVrYZMgI3XW__EPWWS3fehEEkrJjDFeOo/getUpdates "HTTP/1.1 200 OK"
2025-01-30 16:53:23,589 - httpx - INFO - HTTP Request: POST https://api.telegram.org/bot7762421006:AAEVrYZMgI3XW__EPWWS3fehEEkrJjDFeOo/getUpdates "HTTP/1.1 200 OK"
2025-01-30 16:53:33,668 - httpx - INFO - HTTP Request: POST https://api.telegram.org/bot7762421006:AAEVrYZMgI3XW__EPWWS3fehEEkrJjDFeOo/getUpdates "HTTP/1.1 200 OK"
2025-01-30 16:53:43,787 - httpx - INFO - HTTP Request: POST https://api.telegram.org/bot7762421006:AAEVrYZMgI3XW__EPWWS3fehEEkrJjDFeOo/getUpdates "HTTP/1.1 200 OK"
2025-01-30 16:53:53,930 - httpx - INFO - HTTP Request: POST https://api.telegram.org/bot7762421006:AAEVrYZMgI3XW__EPWWS3fehEEkrJjDFeOo/getUpdates "HTTP/1.1 200 OK"
2025-01-30 16:54:04,106 - httpx - INFO - HTTP Request: POST https://api.telegram.org/bot7762421006:AAEVrYZMgI3XW__EPWWS3fehEEkrJjDFeOo/getUpdates "HTTP/1.1 200 OK"
2025-01-30 16:54:14,227 - httpx - INFO - HTTP Request: POST https://api.telegram.org/bot7762421006:AAEVrYZMgI3XW__EPWWS3fehEEkrJjDFeOo/getUpdates "HTTP/1.1 200 OK"
2025-01-30 16:54:24,339 - httpx - INFO - HTTP Request: POST https://api.telegram.org/bot7762421006:AAEVrYZMgI3XW__EPWWS3fehEEkrJjDFeOo/getUpdates "HTTP/1.1 200 OK"
2025-01-30 16:54:34,466 - httpx - INFO - HTTP Request: POST https://api.telegram.org/bot7762421006:AAEVrYZMgI3XW__EPWWS3fehEEkrJjDFeOo/getUpdates "HTTP/1.1 200 OK"
2025-01-30 16:54:44,643 - httpx - INFO - HTTP Request: POST https://api.telegram.org/bot7762421006:AAEVrYZMgI3XW__EPWWS3fehEEkrJjDFeOo/getUpdates "HTTP/1.1 200 OK"
2025-01-30 16:54:54,793 - httpx - INFO - HTTP Request: POST https://api.telegram.org/bot7762421006:AAEVrYZMgI3XW__EPWWS3fehEEkrJjDFeOo/getUpdates "HTTP/1.1 200 OK"
2025-01-30 16:55:04,890 - httpx - INFO - HTTP Request: POST https://api.telegram.org/bot7762421006:AAEVrYZMgI3XW__EPWWS3fehEEkrJjDFeOo/getUpdates "HTTP/1.1 200 OK"
2025-01-30 16:55:15,008 - httpx - INFO - HTTP Request: POST https://api.telegram.org/bot7762421006:AAEVrYZMgI3XW__EPWWS3fehEEkrJjDFeOo/getUpdates "HTTP/1.1 200 OK"
2025-01-30 16:55:25,714 - httpx - INFO - HTTP Request: POST https://api.telegram.org/bot7762421006:AAEVrYZMgI3XW__EPWWS3fehEEkrJjDFeOo/getUpdates "HTTP/1.1 200 OK"
2025-01-30 16:55:35,821 - httpx - INFO - HTTP Request: POST https://api.telegram.org/bot7762421006:AAEVrYZMgI3XW__EPWWS3fehEEkrJjDFeOo/getUpdates "HTTP/1.1 200 OK"
2025-01-30 16:55:45,939 - httpx - INFO - HTTP Request: POST https://api.telegram.org/bot7762421006:AAEVrYZMgI3XW__EPWWS3fehEEkrJjDFeOo/getUpdates "HTTP/1.1 200 OK"
2025-01-30 16:55:56,072 - httpx - INFO - HTTP Request: POST https://api.telegram.org/bot7762421006:AAEVrYZMgI3XW__EPWWS3fehEEkrJjDFeOo/getUpdates "HTTP/1.1 200 OK"
2025-01-30 16:56:06,158 - httpx - INFO - HTTP Request: POST https://api.telegram.org/bot7762421006:AAEVrYZMgI3XW__EPWWS3fehEEkrJjDFeOo/getUpdates "HTTP/1.1 200 OK"
2025-01-30 16:56:16,289 - httpx - INFO - HTTP Request: POST https://api.telegram.org/bot7762421006:AAEVrYZMgI3XW__EPWWS3fehEEkrJjDFeOo/getUpdates "HTTP/1.1 200 OK"
2025-01-30 16:56:26,408 - httpx - INFO - HTTP Request: POST https://api.telegram.org/bot7762421006:AAEVrYZMgI3XW__EPWWS3fehEEkrJjDFeOo/getUpdates "HTTP/1.1 200 OK"
2025-01-30 16:56:36,528 - httpx - INFO - HTTP Request: POST https://api.telegram.org/bot7762421006:AAEVrYZMgI3XW__EPWWS3fehEEkrJjDFeOo/getUpdates "HTTP/1.1 200 OK"
2025-01-30 16:56:46,695 - httpx - INFO - HTTP Request: POST https://api.telegram.org/bot7762421006:AAEVrYZMgI3XW__EPWWS3fehEEkrJjDFeOo/getUpdates "HTTP/1.1 200 OK"
2025-01-30 16:56:57,417 - httpx - INFO - HTTP Request: POST https://api.telegram.org/bot7762421006:AAEVrYZMgI3XW__EPWWS3fehEEkrJjDFeOo/getUpdates "HTTP/1.1 200 OK"
2025-01-30 16:57:07,539 - httpx - INFO - HTTP Request: POST https://api.telegram.org/bot7762421006:AAEVrYZMgI3XW__EPWWS3fehEEkrJjDFeOo/getUpdates "HTTP/1.1 200 OK"
2025-01-30 16:57:17,652 - httpx - INFO - HTTP Request: POST https://api.telegram.org/bot7762421006:AAEVrYZMgI3XW__EPWWS3fehEEkrJjDFeOo/getUpdates "HTTP/1.1 200 OK"
2025-01-30 16:57:27,767 - httpx - INFO - HTTP Request: POST https://api.telegram.org/bot7762421006:AAEVrYZMgI3XW__EPWWS3fehEEkrJjDFeOo/getUpdates "HTTP/1.1 200 OK"
2025-01-30 16:57:37,884 - httpx - INFO - HTTP Request: POST https://api.telegram.org/bot7762421006:AAEVrYZMgI3XW__EPWWS3fehEEkrJjDFeOo/getUpdates "HTTP/1.1 200 OK"
2025-01-30 16:57:48,013 - httpx - INFO - HTTP Request: POST https://api.telegram.org/bot7762421006:AAEVrYZMgI3XW__EPWWS3fehEEkrJjDFeOo/getUpdates "HTTP/1.1 200 OK"
2025-01-30 16:57:58,122 - httpx - INFO - HTTP Request: POST https://api.telegram.org/bot7762421006:AAEVrYZMgI3XW__EPWWS3fehEEkrJjDFeOo/getUpdates "HTTP/1.1 200 OK"
2025-01-30 16:58:08,191 - httpx - INFO - HTTP Request: POST https://api.telegram.org/bot7762421006:AAEVrYZMgI3XW__EPWWS3fehEEkrJjDFeOo/getUpdates "HTTP/1.1 200 OK"
2025-01-30 16:58:18,291 - httpx - INFO - HTTP Request: POST https://api.telegram.org/bot7762421006:AAEVrYZMgI3XW__EPWWS3fehEEkrJjDFeOo/getUpdates "HTTP/1.1 200 OK"
2025-01-30 16:58:28,395 - httpx - INFO - HTTP Request: POST https://api.telegram.org/bot7762421006:AAEVrYZMgI3XW__EPWWS3fehEEkrJjDFeOo/getUpdates "HTTP/1.1 200 OK"
2025-01-30 16:58:38,505 - httpx - INFO - HTTP Request: POST https://api.telegram.org/bot7762421006:AAEVrYZMgI3XW__EPWWS3fehEEkrJjDFeOo/getUpdates "HTTP/1.1 200 OK"
2025-01-30 16:58:48,871 - httpx - INFO - HTTP Request: POST https://api.telegram.org/bot7762421006:AAEVrYZMgI3XW__EPWWS3fehEEkrJjDFeOo/getUpdates "HTTP/1.1 200 OK"
2025-01-30 16:58:58,924 - httpx - INFO - HTTP Request: POST https://api.telegram.org/bot7762421006:AAEVrYZMgI3XW__EPWWS3fehEEkrJjDFeOo/getUpdates "HTTP/1.1 200 OK"
2025-01-30 16:59:09,034 - httpx - INFO - HTTP Request: POST https://api.telegram.org/bot7762421006:AAEVrYZMgI3XW__EPWWS3fehEEkrJjDFeOo/getUpdates "HTTP/1.1 200 OK"
2025-01-30 16:59:19,141 - httpx - INFO - HTTP Request: POST https://api.telegram.org/bot7762421006:AAEVrYZMgI3XW__EPWWS3fehEEkrJjDFeOo/getUpdates "HTTP/1.1 200 OK"
2025-01-30 16:59:29,191 - httpx - INFO - HTTP Request: POST https://api.telegram.org/bot7762421006:AAEVrYZMgI3XW__EPWWS3fehEEkrJjDFeOo/getUpdates "HTTP/1.1 200 OK"
2025-01-30 16:59:39,295 - httpx - INFO - HTTP Request: POST https://api.telegram.org/bot7762421006:AAEVrYZMgI3XW__EPWWS3fehEEkrJjDFeOo/getUpdates "HTTP/1.1 200 OK"
2025-01-30 16:59:49,349 - httpx - INFO - HTTP Request: POST https://api.telegram.org/bot7762421006:AAEVrYZMgI3XW__EPWWS3fehEEkrJjDFeOo/getUpdates "HTTP/1.1 200 OK"
2025-01-30 16:59:59,415 - httpx - INFO - HTTP Request: POST https://api.telegram.org/bot7762421006:AAEVrYZMgI3XW__EPWWS3fehEEkrJjDFeOo/getUpdates "HTTP/1.1 200 OK"
2025-01-30 17:00:09,482 - httpx - INFO - HTTP Request: POST https://api.telegram.org/bot7762421006:AAEVrYZMgI3XW__EPWWS3fehEEkrJjDFeOo/getUpdates "HTTP/1.1 200 OK"
2025-01-30 17:00:19,597 - httpx - INFO - HTTP Request: POST https://api.telegram.org/bot7762421006:AAEVrYZMgI3XW__EPWWS3fehEEkrJjDFeOo/getUpdates "HTTP/1.1 200 OK"
2025-01-30 17:00:29,704 - httpx - INFO - HTTP Request: POST https://api.telegram.org/bot7762421006:AAEVrYZMgI3XW__EPWWS3fehEEkrJjDFeOo/getUpdates "HTTP/1.1 200 OK"
2025-01-30 17:00:39,832 - httpx - INFO - HTTP Request: POST https://api.telegram.org/bot7762421006:AAEVrYZMgI3XW__EPWWS3fehEEkrJjDFeOo/getUpdates "HTTP/1.1 200 OK"
2025-01-30 17:00:49,883 - httpx - INFO - HTTP Request: POST https://api.telegram.org/bot7762421006:AAEVrYZMgI3XW__EPWWS3fehEEkrJjDFeOo/getUpdates "HTTP/1.1 200 OK"
2025-01-30 17:00:59,984 - httpx - INFO - HTTP Request: POST https://api.telegram.org/bot7762421006:AAEVrYZMgI3XW__EPWWS3fehEEkrJjDFeOo/getUpdates "HTTP/1.1 200 OK"
2025-01-30 17:01:10,037 - httpx - INFO - HTTP Request: POST https://api.telegram.org/bot7762421006:AAEVrYZMgI3XW__EPWWS3fehEEkrJjDFeOo/getUpdates "HTTP/1.1 200 OK"
2025-01-30 17:01:20,090 - httpx - INFO - HTTP Request: POST https://api.telegram.org/bot7762421006:AAEVrYZMgI3XW__EPWWS3fehEEkrJjDFeOo/getUpdates "HTTP/1.1 200 OK"
2025-01-30 17:01:30,173 - httpx - INFO - HTTP Request: POST https://api.telegram.org/bot7762421006:AAEVrYZMgI3XW__EPWWS3fehEEkrJjDFeOo/getUpdates "HTTP/1.1 200 OK"
2025-01-30 17:01:40,387 - httpx - INFO - HTTP Request: POST https://api.telegram.org/bot7762421006:AAEVrYZMgI3XW__EPWWS3fehEEkrJjDFeOo/getUpdates "HTTP/1.1 200 OK"
2025-01-30 17:01:50,489 - httpx - INFO - HTTP Request: POST https://api.telegram.org/bot7762421006:AAEVrYZMgI3XW__EPWWS3fehEEkrJjDFeOo/getUpdates "HTTP/1.1 200 OK"
2025-01-30 17:02:00,539 - httpx - INFO - HTTP Request: POST https://api.telegram.org/bot7762421006:AAEVrYZMgI3XW__EPWWS3fehEEkrJjDFeOo/getUpdates "HTTP/1.1 200 OK"
2025-01-30 17:02:10,642 - httpx - INFO - HTTP Request: POST https://api.telegram.org/bot7762421006:AAEVrYZMgI3XW__EPWWS3fehEEkrJjDFeOo/getUpdates "HTTP/1.1 200 OK"
2025-01-30 17:02:20,694 - httpx - INFO - HTTP Request: POST https://api.telegram.org/bot7762421006:AAEVrYZMgI3XW__EPWWS3fehEEkrJjDFeOo/getUpdates "HTTP/1.1 200 OK"
2025-01-30 17:02:30,762 - httpx - INFO - HTTP Request: POST https://api.telegram.org/bot7762421006:AAEVrYZMgI3XW__EPWWS3fehEEkrJjDFeOo/getUpdates "HTTP/1.1 200 OK"
2025-01-30 17:02:40,829 - httpx - INFO - HTTP Request: POST https://api.telegram.org/bot7762421006:AAEVrYZMgI3XW__EPWWS3fehEEkrJjDFeOo/getUpdates "HTTP/1.1 200 OK"
2025-01-30 17:02:50,946 - httpx - INFO - HTTP Request: POST https://api.telegram.org/bot7762421006:AAEVrYZMgI3XW__EPWWS3fehEEkrJjDFeOo/getUpdates "HTTP/1.1 200 OK"
2025-01-30 17:03:00,997 - httpx - INFO - HTTP Request: POST https://api.telegram.org/bot7762421006:AAEVrYZMgI3XW__EPWWS3fehEEkrJjDFeOo/getUpdates "HTTP/1.1 200 OK"
2025-01-30 17:03:11,110 - httpx - INFO - HTTP Request: POST https://api.telegram.org/bot7762421006:AAEVrYZMgI3XW__EPWWS3fehEEkrJjDFeOo/getUpdates "HTTP/1.1 200 OK"
2025-01-30 17:03:21,216 - httpx - INFO - HTTP Request: POST https://api.telegram.org/bot7762421006:AAEVrYZMgI3XW__EPWWS3fehEEkrJjDFeOo/getUpdates "HTTP/1.1 200 OK"
2025-01-30 17:03:31,431 - httpx - INFO - HTTP Request: POST https://api.telegram.org/bot7762421006:AAEVrYZMgI3XW__EPWWS3fehEEkrJjDFeOo/getUpdates "HTTP/1.1 200 OK"
2025-01-30 17:03:41,534 - httpx - INFO - HTTP Request: POST https://api.telegram.org/bot7762421006:AAEVrYZMgI3XW__EPWWS3fehEEkrJjDFeOo/getUpdates "HTTP/1.1 200 OK"
2025-01-30 17:03:51,591 - httpx - INFO - HTTP Request: POST https://api.telegram.org/bot7762421006:AAEVrYZMgI3XW__EPWWS3fehEEkrJjDFeOo/getUpdates "HTTP/1.1 200 OK"
2025-01-30 17:04:01,702 - httpx - INFO - HTTP Request: POST https://api.telegram.org/bot7762421006:AAEVrYZMgI3XW__EPWWS3fehEEkrJjDFeOo/getUpdates "HTTP/1.1 200 OK"
2025-01-30 17:04:11,803 - httpx - INFO - HTTP Request: POST https://api.telegram.org/bot7762421006:AAEVrYZMgI3XW__EPWWS3fehEEkrJjDFeOo/getUpdates "HTTP/1.1 200 OK"
2025-01-30 17:04:21,854 - httpx - INFO - HTTP Request: POST https://api.telegram.org/bot7762421006:AAEVrYZMgI3XW__EPWWS3fehEEkrJjDFeOo/getUpdates "HTTP/1.1 200 OK"
2025-01-30 17:04:31,977 - httpx - INFO - HTTP Request: POST https://api.telegram.org/bot7762421006:AAEVrYZMgI3XW__EPWWS3fehEEkrJjDFeOo/getUpdates "HTTP/1.1 200 OK"
2025-01-30 17:04:42,056 - httpx - INFO - HTTP Request: POST https://api.telegram.org/bot7762421006:AAEVrYZMgI3XW__EPWWS3fehEEkrJjDFeOo/getUpdates "HTTP/1.1 200 OK"
2025-01-30 17:04:52,152 - httpx - INFO - HTTP Request: POST https://api.telegram.org/bot7762421006:AAEVrYZMgI3XW__EPWWS3fehEEkrJjDFeOo/getUpdates "HTTP/1.1 200 OK"
2025-01-30 17:05:02,268 - httpx - INFO - HTTP Request: POST https://api.telegram.org/bot7762421006:AAEVrYZMgI3XW__EPWWS3fehEEkrJjDFeOo/getUpdates "HTTP/1.1 200 OK"
2025-01-30 17:05:12,330 - httpx - INFO - HTTP Request: POST https://api.telegram.org/bot7762421006:AAEVrYZMgI3XW__EPWWS3fehEEkrJjDFeOo/getUpdates "HTTP/1.1 200 OK"
2025-01-30 17:05:22,442 - httpx - INFO - HTTP Request: POST https://api.telegram.org/bot7762421006:AAEVrYZMgI3XW__EPWWS3fehEEkrJjDFeOo/getUpdates "HTTP/1.1 200 OK"
2025-01-30 17:05:32,615 - httpx - INFO - HTTP Request: POST https://api.telegram.org/bot7762421006:AAEVrYZMgI3XW__EPWWS3fehEEkrJjDFeOo/getUpdates "HTTP/1.1 200 OK"
2025-01-30 17:05:42,725 - httpx - INFO - HTTP Request: POST https://api.telegram.org/bot7762421006:AAEVrYZMgI3XW__EPWWS3fehEEkrJjDFeOo/getUpdates "HTTP/1.1 200 OK"
2025-01-30 17:05:52,783 - httpx - INFO - HTTP Request: POST https://api.telegram.org/bot7762421006:AAEVrYZMgI3XW__EPWWS3fehEEkrJjDFeOo/getUpdates "HTTP/1.1 200 OK"
2025-01-30 17:06:02,868 - httpx - INFO - HTTP Request: POST https://api.telegram.org/bot7762421006:AAEVrYZMgI3XW__EPWWS3fehEEkrJjDFeOo/getUpdates "HTTP/1.1 200 OK"
2025-01-30 17:06:12,934 - httpx - INFO - HTTP Request: POST https://api.telegram.org/bot7762421006:AAEVrYZMgI3XW__EPWWS3fehEEkrJjDFeOo/getUpdates "HTTP/1.1 200 OK"
2025-01-30 17:06:22,991 - httpx - INFO - HTTP Request: POST https://api.telegram.org/bot7762421006:AAEVrYZMgI3XW__EPWWS3fehEEkrJjDFeOo/getUpdates "HTTP/1.1 200 OK"
2025-01-30 17:06:33,118 - httpx - INFO - HTTP Request: POST https://api.telegram.org/bot7762421006:AAEVrYZMgI3XW__EPWWS3fehEEkrJjDFeOo/getUpdates "HTTP/1.1 200 OK"
2025-01-30 17:06:43,230 - httpx - INFO - HTTP Request: POST https://api.telegram.org/bot7762421006:AAEVrYZMgI3XW__EPWWS3fehEEkrJjDFeOo/getUpdates "HTTP/1.1 200 OK"
2025-01-30 17:06:54,173 - httpx - INFO - HTTP Request: POST https://api.telegram.org/bot7762421006:AAEVrYZMgI3XW__EPWWS3fehEEkrJjDFeOo/getUpdates "HTTP/1.1 200 OK"
2025-01-30 17:07:04,243 - httpx - INFO - HTTP Request: POST https://api.telegram.org/bot7762421006:AAEVrYZMgI3XW__EPWWS3fehEEkrJjDFeOo/getUpdates "HTTP/1.1 200 OK"
2025-01-30 17:07:14,297 - httpx - INFO - HTTP Request: POST https://api.telegram.org/bot7762421006:AAEVrYZMgI3XW__EPWWS3fehEEkrJjDFeOo/getUpdates "HTTP/1.1 200 OK"
2025-01-30 17:07:24,354 - httpx - INFO - HTTP Request: POST https://api.telegram.org/bot7762421006:AAEVrYZMgI3XW__EPWWS3fehEEkrJjDFeOo/getUpdates "HTTP/1.1 200 OK"
2025-01-30 17:07:34,410 - httpx - INFO - HTTP Request: POST https://api.telegram.org/bot7762421006:AAEVrYZMgI3XW__EPWWS3fehEEkrJjDFeOo/getUpdates "HTTP/1.1 200 OK"
2025-01-30 17:07:44,535 - httpx - INFO - HTTP Request: POST https://api.telegram.org/bot7762421006:AAEVrYZMgI3XW__EPWWS3fehEEkrJjDFeOo/getUpdates "HTTP/1.1 200 OK"
2025-01-30 17:07:54,600 - httpx - INFO - HTTP Request: POST https://api.telegram.org/bot7762421006:AAEVrYZMgI3XW__EPWWS3fehEEkrJjDFeOo/getUpdates "HTTP/1.1 200 OK"
2025-01-30 17:08:04,706 - httpx - INFO - HTTP Request: POST https://api.telegram.org/bot7762421006:AAEVrYZMgI3XW__EPWWS3fehEEkrJjDFeOo/getUpdates "HTTP/1.1 200 OK"
2025-01-30 17:08:14,758 - httpx - INFO - HTTP Request: POST https://api.telegram.org/bot7762421006:AAEVrYZMgI3XW__EPWWS3fehEEkrJjDFeOo/getUpdates "HTTP/1.1 200 OK"
2025-01-30 17:08:24,871 - httpx - INFO - HTTP Request: POST https://api.telegram.org/bot7762421006:AAEVrYZMgI3XW__EPWWS3fehEEkrJjDFeOo/getUpdates "HTTP/1.1 200 OK"
2025-01-30 17:08:34,964 - httpx - INFO - HTTP Request: POST https://api.telegram.org/bot7762421006:AAEVrYZMgI3XW__EPWWS3fehEEkrJjDFeOo/getUpdates "HTTP/1.1 200 OK"
2025-01-30 17:08:45,025 - httpx - INFO - HTTP Request: POST https://api.telegram.org/bot7762421006:AAEVrYZMgI3XW__EPWWS3fehEEkrJjDFeOo/getUpdates "HTTP/1.1 200 OK"
2025-01-30 17:08:55,456 - httpx - INFO - HTTP Request: POST https://api.telegram.org/bot7762421006:AAEVrYZMgI3XW__EPWWS3fehEEkrJjDFeOo/getUpdates "HTTP/1.1 200 OK"
2025-01-30 17:09:05,573 - httpx - INFO - HTTP Request: POST https://api.telegram.org/bot7762421006:AAEVrYZMgI3XW__EPWWS3fehEEkrJjDFeOo/getUpdates "HTTP/1.1 200 OK"
2025-01-30 17:09:15,633 - httpx - INFO - HTTP Request: POST https://api.telegram.org/bot7762421006:AAEVrYZMgI3XW__EPWWS3fehEEkrJjDFeOo/getUpdates "HTTP/1.1 200 OK"
2025-01-30 17:09:25,745 - httpx - INFO - HTTP Request: POST https://api.telegram.org/bot7762421006:AAEVrYZMgI3XW__EPWWS3fehEEkrJjDFeOo/getUpdates "HTTP/1.1 200 OK"
2025-01-30 17:09:35,845 - httpx - INFO - HTTP Request: POST https://api.telegram.org/bot7762421006:AAEVrYZMgI3XW__EPWWS3fehEEkrJjDFeOo/getUpdates "HTTP/1.1 200 OK"
2025-01-30 17:09:45,898 - httpx - INFO - HTTP Request: POST https://api.telegram.org/bot7762421006:AAEVrYZMgI3XW__EPWWS3fehEEkrJjDFeOo/getUpdates "HTTP/1.1 200 OK"
2025-01-30 17:09:56,337 - httpx - INFO - HTTP Request: POST https://api.telegram.org/bot7762421006:AAEVrYZMgI3XW__EPWWS3fehEEkrJjDFeOo/getUpdates "HTTP/1.1 200 OK"
2025-01-30 17:10:06,448 - httpx - INFO - HTTP Request: POST https://api.telegram.org/bot7762421006:AAEVrYZMgI3XW__EPWWS3fehEEkrJjDFeOo/getUpdates "HTTP/1.1 200 OK"
2025-01-30 17:10:16,658 - httpx - INFO - HTTP Request: POST https://api.telegram.org/bot7762421006:AAEVrYZMgI3XW__EPWWS3fehEEkrJjDFeOo/getUpdates "HTTP/1.1 200 OK"
2025-01-30 17:10:27,092 - httpx - INFO - HTTP Request: POST https://api.telegram.org/bot7762421006:AAEVrYZMgI3XW__EPWWS3fehEEkrJjDFeOo/getUpdates "HTTP/1.1 200 OK"
2025-01-30 17:10:37,215 - httpx - INFO - HTTP Request: POST https://api.telegram.org/bot7762421006:AAEVrYZMgI3XW__EPWWS3fehEEkrJjDFeOo/getUpdates "HTTP/1.1 200 OK"
2025-01-30 17:10:47,269 - httpx - INFO - HTTP Request: POST https://api.telegram.org/bot7762421006:AAEVrYZMgI3XW__EPWWS3fehEEkrJjDFeOo/getUpdates "HTTP/1.1 200 OK"
2025-01-30 17:10:57,323 - httpx - INFO - HTTP Request: POST https://api.telegram.org/bot7762421006:AAEVrYZMgI3XW__EPWWS3fehEEkrJjDFeOo/getUpdates "HTTP/1.1 200 OK"
2025-01-30 17:11:07,409 - httpx - INFO - HTTP Request: POST https://api.telegram.org/bot7762421006:AAEVrYZMgI3XW__EPWWS3fehEEkrJjDFeOo/getUpdates "HTTP/1.1 200 OK"
2025-01-30 17:11:17,546 - httpx - INFO - HTTP Request: POST https://api.telegram.org/bot7762421006:AAEVrYZMgI3XW__EPWWS3fehEEkrJjDFeOo/getUpdates "HTTP/1.1 200 OK"
2025-01-30 17:11:27,654 - httpx - INFO - HTTP Request: POST https://api.telegram.org/bot7762421006:AAEVrYZMgI3XW__EPWWS3fehEEkrJjDFeOo/getUpdates "HTTP/1.1 200 OK"
2025-01-30 17:11:37,706 - httpx - INFO - HTTP Request: POST https://api.telegram.org/bot7762421006:AAEVrYZMgI3XW__EPWWS3fehEEkrJjDFeOo/getUpdates "HTTP/1.1 200 OK"
2025-01-30 17:11:47,757 - httpx - INFO - HTTP Request: POST https://api.telegram.org/bot7762421006:AAEVrYZMgI3XW__EPWWS3fehEEkrJjDFeOo/getUpdates "HTTP/1.1 200 OK"
2025-01-30 17:11:57,834 - httpx - INFO - HTTP Request: POST https://api.telegram.org/bot7762421006:AAEVrYZMgI3XW__EPWWS3fehEEkrJjDFeOo/getUpdates "HTTP/1.1 200 OK"
2025-01-30 17:12:08,017 - httpx - INFO - HTTP Request: POST https://api.telegram.org/bot7762421006:AAEVrYZMgI3XW__EPWWS3fehEEkrJjDFeOo/getUpdates "HTTP/1.1 200 OK"
2025-01-30 17:12:18,155 - httpx - INFO - HTTP Request: POST https://api.telegram.org/bot7762421006:AAEVrYZMgI3XW__EPWWS3fehEEkrJjDFeOo/getUpdates "HTTP/1.1 200 OK"
